ARM GAS  C:\Users\boehm\AppData\Local\Temp\ccbBcvSK.s 			page 1


   1              		.syntax unified
   2              		.cpu cortex-m4
   3              		.eabi_attribute 27, 1
   4              		.fpu fpv4-sp-d16
   5              		.eabi_attribute 20, 1
   6              		.eabi_attribute 21, 1
   7              		.eabi_attribute 23, 3
   8              		.eabi_attribute 24, 1
   9              		.eabi_attribute 25, 1
  10              		.eabi_attribute 26, 1
  11              		.eabi_attribute 30, 1
  12              		.eabi_attribute 34, 1
  13              		.eabi_attribute 18, 4
  14              		.thumb
  15              		.syntax unified
  16              		.file	"BLE_custom_config.c"
  17              		.text
  18              	.Ltext0:
  19              		.cfi_sections	.debug_frame
  20              		.global	cy_ble_customConfig
  21              		.section	.rodata
  22              		.align	2
  23              		.type	cy_ble_customs, %object
  24              		.size	cy_ble_customs, 32
  25              	cy_ble_customs:
  26 0000 1000     		.short	16
  27 0002 1200     		.short	18
  28 0004 1300     		.short	19
  29 0006 1400     		.short	20
  30 0008 1600     		.short	22
  31 000a 1700     		.short	23
  32 000c 1800     		.short	24
  33 000e 1A00     		.short	26
  34 0010 1B00     		.short	27
  35 0012 1C00     		.short	28
  36 0014 1E00     		.short	30
  37 0016 1F00     		.short	31
  38 0018 2000     		.short	32
  39 001a 2200     		.short	34
  40 001c 2300     		.short	35
  41 001e 2400     		.short	36
  42              		.data
  43              		.align	2
  44              		.type	cy_ble_customConfig, %object
  45              		.size	cy_ble_customConfig, 4
  46              	cy_ble_customConfig:
  47 0000 00000000 		.word	cy_ble_customs
  48              		.text
  49              	.Letext0:
  50              		.file 1 "c:\\program files (x86)\\cypress\\psoc creator\\4.2\\psoc creator\\import\\gnu\\arm\\5.4.
  51              		.file 2 "c:\\program files (x86)\\cypress\\psoc creator\\4.2\\psoc creator\\import\\gnu\\arm\\5.4.
  52              		.file 3 "Generated_Source\\PSoC6\\pdl\\middleware/ble/cy_ble_stack_host_main.h"
  53              		.file 4 "Generated_Source\\PSoC6\\pdl\\middleware/ble/cy_ble_stack_gatt.h"
  54              		.file 5 "Generated_Source\\PSoC6\\pdl\\middleware/ble/cy_ble_gap.h"
  55              		.file 6 "Generated_Source\\PSoC6\\pdl\\middleware/ble/cy_ble_custom.h"
  56              		.file 7 "Generated_Source\\PSoC6\\pdl\\cmsis/include/core_cm4.h"
  57              		.file 8 "Generated_Source\\PSoC6\\BLE_custom_config.c"
ARM GAS  C:\Users\boehm\AppData\Local\Temp\ccbBcvSK.s 			page 2


  58              		.section	.debug_info,"",%progbits
  59              	.Ldebug_info0:
  60 0000 C5020000 		.4byte	0x2c5
  61 0004 0400     		.2byte	0x4
  62 0006 00000000 		.4byte	.Ldebug_abbrev0
  63 000a 04       		.byte	0x4
  64 000b 01       		.uleb128 0x1
  65 000c 44030000 		.4byte	.LASF54
  66 0010 0C       		.byte	0xc
  67 0011 D6000000 		.4byte	.LASF55
  68 0015 00000000 		.4byte	.LASF56
  69 0019 00000000 		.4byte	.Ldebug_line0
  70 001d 02       		.uleb128 0x2
  71 001e 04       		.byte	0x4
  72 001f 05       		.byte	0x5
  73 0020 696E7400 		.ascii	"int\000"
  74 0024 03       		.uleb128 0x3
  75 0025 04       		.byte	0x4
  76 0026 07       		.byte	0x7
  77 0027 B3020000 		.4byte	.LASF0
  78 002b 03       		.uleb128 0x3
  79 002c 08       		.byte	0x8
  80 002d 05       		.byte	0x5
  81 002e 23040000 		.4byte	.LASF1
  82 0032 03       		.uleb128 0x3
  83 0033 08       		.byte	0x8
  84 0034 04       		.byte	0x4
  85 0035 01050000 		.4byte	.LASF2
  86 0039 03       		.uleb128 0x3
  87 003a 01       		.byte	0x1
  88 003b 06       		.byte	0x6
  89 003c 0D050000 		.4byte	.LASF3
  90 0040 04       		.uleb128 0x4
  91 0041 83000000 		.4byte	.LASF6
  92 0045 01       		.byte	0x1
  93 0046 1D       		.byte	0x1d
  94 0047 4B000000 		.4byte	0x4b
  95 004b 03       		.uleb128 0x3
  96 004c 01       		.byte	0x1
  97 004d 08       		.byte	0x8
  98 004e 88020000 		.4byte	.LASF4
  99 0052 03       		.uleb128 0x3
 100 0053 02       		.byte	0x2
 101 0054 05       		.byte	0x5
 102 0055 89040000 		.4byte	.LASF5
 103 0059 04       		.uleb128 0x4
 104 005a 96020000 		.4byte	.LASF7
 105 005e 01       		.byte	0x1
 106 005f 2B       		.byte	0x2b
 107 0060 64000000 		.4byte	0x64
 108 0064 03       		.uleb128 0x3
 109 0065 02       		.byte	0x2
 110 0066 07       		.byte	0x7
 111 0067 27020000 		.4byte	.LASF8
 112 006b 04       		.uleb128 0x4
 113 006c 63010000 		.4byte	.LASF9
 114 0070 01       		.byte	0x1
ARM GAS  C:\Users\boehm\AppData\Local\Temp\ccbBcvSK.s 			page 3


 115 0071 3F       		.byte	0x3f
 116 0072 76000000 		.4byte	0x76
 117 0076 03       		.uleb128 0x3
 118 0077 04       		.byte	0x4
 119 0078 05       		.byte	0x5
 120 0079 F3040000 		.4byte	.LASF10
 121 007d 04       		.uleb128 0x4
 122 007e A8020000 		.4byte	.LASF11
 123 0082 01       		.byte	0x1
 124 0083 41       		.byte	0x41
 125 0084 88000000 		.4byte	0x88
 126 0088 03       		.uleb128 0x3
 127 0089 04       		.byte	0x4
 128 008a 07       		.byte	0x7
 129 008b 15020000 		.4byte	.LASF12
 130 008f 03       		.uleb128 0x3
 131 0090 08       		.byte	0x8
 132 0091 07       		.byte	0x7
 133 0092 E4020000 		.4byte	.LASF13
 134 0096 03       		.uleb128 0x3
 135 0097 04       		.byte	0x4
 136 0098 07       		.byte	0x7
 137 0099 1A040000 		.4byte	.LASF14
 138 009d 03       		.uleb128 0x3
 139 009e 01       		.byte	0x1
 140 009f 08       		.byte	0x8
 141 00a0 FC040000 		.4byte	.LASF15
 142 00a4 04       		.uleb128 0x4
 143 00a5 5B010000 		.4byte	.LASF16
 144 00a9 02       		.byte	0x2
 145 00aa 18       		.byte	0x18
 146 00ab 40000000 		.4byte	0x40
 147 00af 04       		.uleb128 0x4
 148 00b0 93040000 		.4byte	.LASF17
 149 00b4 02       		.byte	0x2
 150 00b5 24       		.byte	0x24
 151 00b6 59000000 		.4byte	0x59
 152 00ba 04       		.uleb128 0x4
 153 00bb 0C040000 		.4byte	.LASF18
 154 00bf 02       		.byte	0x2
 155 00c0 2C       		.byte	0x2c
 156 00c1 6B000000 		.4byte	0x6b
 157 00c5 04       		.uleb128 0x4
 158 00c6 EA040000 		.4byte	.LASF19
 159 00ca 02       		.byte	0x2
 160 00cb 30       		.byte	0x30
 161 00cc 7D000000 		.4byte	0x7d
 162 00d0 03       		.uleb128 0x3
 163 00d1 04       		.byte	0x4
 164 00d2 04       		.byte	0x4
 165 00d3 AD010000 		.4byte	.LASF20
 166 00d7 03       		.uleb128 0x3
 167 00d8 08       		.byte	0x8
 168 00d9 04       		.byte	0x4
 169 00da A1020000 		.4byte	.LASF21
 170 00de 05       		.uleb128 0x5
 171 00df 02       		.byte	0x2
ARM GAS  C:\Users\boehm\AppData\Local\Temp\ccbBcvSK.s 			page 4


 172 00e0 03       		.byte	0x3
 173 00e1 5B01     		.2byte	0x15b
 174 00e3 02010000 		.4byte	0x102
 175 00e7 06       		.uleb128 0x6
 176 00e8 A2000000 		.4byte	.LASF22
 177 00ec 03       		.byte	0x3
 178 00ed 6501     		.2byte	0x165
 179 00ef A4000000 		.4byte	0xa4
 180 00f3 00       		.byte	0
 181 00f4 06       		.uleb128 0x6
 182 00f5 14040000 		.4byte	.LASF23
 183 00f9 03       		.byte	0x3
 184 00fa 6901     		.2byte	0x169
 185 00fc A4000000 		.4byte	0xa4
 186 0100 01       		.byte	0x1
 187 0101 00       		.byte	0
 188 0102 07       		.uleb128 0x7
 189 0103 01010000 		.4byte	.LASF24
 190 0107 03       		.byte	0x3
 191 0108 6B01     		.2byte	0x16b
 192 010a DE000000 		.4byte	0xde
 193 010e 07       		.uleb128 0x7
 194 010f F8010000 		.4byte	.LASF25
 195 0113 04       		.byte	0x4
 196 0114 7F01     		.2byte	0x17f
 197 0116 AF000000 		.4byte	0xaf
 198 011a 08       		.uleb128 0x8
 199 011b 01       		.byte	0x1
 200 011c 4B000000 		.4byte	0x4b
 201 0120 05       		.byte	0x5
 202 0121 7E       		.byte	0x7e
 203 0122 3F010000 		.4byte	0x13f
 204 0126 09       		.uleb128 0x9
 205 0127 19050000 		.4byte	.LASF26
 206 012b 00       		.byte	0
 207 012c 09       		.uleb128 0x9
 208 012d 25030000 		.4byte	.LASF27
 209 0131 01       		.byte	0x1
 210 0132 09       		.uleb128 0x9
 211 0133 9C040000 		.4byte	.LASF28
 212 0137 02       		.byte	0x2
 213 0138 09       		.uleb128 0x9
 214 0139 B3010000 		.4byte	.LASF29
 215 013d 03       		.byte	0x3
 216 013e 00       		.byte	0
 217 013f 04       		.uleb128 0x4
 218 0140 97010000 		.4byte	.LASF30
 219 0144 05       		.byte	0x5
 220 0145 83       		.byte	0x83
 221 0146 1A010000 		.4byte	0x11a
 222 014a 08       		.uleb128 0x8
 223 014b 01       		.byte	0x1
 224 014c 4B000000 		.4byte	0x4b
 225 0150 05       		.byte	0x5
 226 0151 87       		.byte	0x87
 227 0152 87010000 		.4byte	0x187
 228 0156 09       		.uleb128 0x9
ARM GAS  C:\Users\boehm\AppData\Local\Temp\ccbBcvSK.s 			page 5


 229 0157 4B040000 		.4byte	.LASF31
 230 015b 00       		.byte	0
 231 015c 09       		.uleb128 0x9
 232 015d B9040000 		.4byte	.LASF32
 233 0161 01       		.byte	0x1
 234 0162 09       		.uleb128 0x9
 235 0163 1A010000 		.4byte	.LASF33
 236 0167 02       		.byte	0x2
 237 0168 09       		.uleb128 0x9
 238 0169 6D010000 		.4byte	.LASF34
 239 016d 03       		.byte	0x3
 240 016e 09       		.uleb128 0x9
 241 016f FB020000 		.4byte	.LASF35
 242 0173 04       		.byte	0x4
 243 0174 09       		.uleb128 0x9
 244 0175 42020000 		.4byte	.LASF36
 245 0179 05       		.byte	0x5
 246 017a 09       		.uleb128 0x9
 247 017b AB000000 		.4byte	.LASF37
 248 017f 06       		.byte	0x6
 249 0180 09       		.uleb128 0x9
 250 0181 C0020000 		.4byte	.LASF38
 251 0185 07       		.byte	0x7
 252 0186 00       		.byte	0
 253 0187 04       		.uleb128 0x4
 254 0188 49050000 		.4byte	.LASF39
 255 018c 05       		.byte	0x5
 256 018d 90       		.byte	0x90
 257 018e 4A010000 		.4byte	0x14a
 258 0192 03       		.uleb128 0x3
 259 0193 01       		.byte	0x1
 260 0194 02       		.byte	0x2
 261 0195 32050000 		.4byte	.LASF40
 262 0199 0A       		.uleb128 0xa
 263 019a 06       		.byte	0x6
 264 019b 06       		.byte	0x6
 265 019c 3B       		.byte	0x3b
 266 019d BA010000 		.4byte	0x1ba
 267 01a1 0B       		.uleb128 0xb
 268 01a2 8D000000 		.4byte	.LASF41
 269 01a6 06       		.byte	0x6
 270 01a7 3E       		.byte	0x3e
 271 01a8 0E010000 		.4byte	0x10e
 272 01ac 00       		.byte	0
 273 01ad 0B       		.uleb128 0xb
 274 01ae 36010000 		.4byte	.LASF42
 275 01b2 06       		.byte	0x6
 276 01b3 41       		.byte	0x41
 277 01b4 BA010000 		.4byte	0x1ba
 278 01b8 02       		.byte	0x2
 279 01b9 00       		.byte	0
 280 01ba 0C       		.uleb128 0xc
 281 01bb 0E010000 		.4byte	0x10e
 282 01bf CA010000 		.4byte	0x1ca
 283 01c3 0D       		.uleb128 0xd
 284 01c4 96000000 		.4byte	0x96
 285 01c8 01       		.byte	0x1
ARM GAS  C:\Users\boehm\AppData\Local\Temp\ccbBcvSK.s 			page 6


 286 01c9 00       		.byte	0
 287 01ca 04       		.uleb128 0x4
 288 01cb 31040000 		.4byte	.LASF43
 289 01cf 06       		.byte	0x6
 290 01d0 43       		.byte	0x43
 291 01d1 99010000 		.4byte	0x199
 292 01d5 0A       		.uleb128 0xa
 293 01d6 20       		.byte	0x20
 294 01d7 06       		.byte	0x6
 295 01d8 46       		.byte	0x46
 296 01d9 F6010000 		.4byte	0x1f6
 297 01dd 0B       		.uleb128 0xb
 298 01de E7010000 		.4byte	.LASF44
 299 01e2 06       		.byte	0x6
 300 01e3 49       		.byte	0x49
 301 01e4 0E010000 		.4byte	0x10e
 302 01e8 00       		.byte	0
 303 01e9 0B       		.uleb128 0xb
 304 01ea 7A040000 		.4byte	.LASF45
 305 01ee 06       		.byte	0x6
 306 01ef 4C       		.byte	0x4c
 307 01f0 F6010000 		.4byte	0x1f6
 308 01f4 02       		.byte	0x2
 309 01f5 00       		.byte	0
 310 01f6 0C       		.uleb128 0xc
 311 01f7 CA010000 		.4byte	0x1ca
 312 01fb 06020000 		.4byte	0x206
 313 01ff 0D       		.uleb128 0xd
 314 0200 96000000 		.4byte	0x96
 315 0204 04       		.byte	0x4
 316 0205 00       		.byte	0
 317 0206 04       		.uleb128 0x4
 318 0207 F7030000 		.4byte	.LASF46
 319 020b 06       		.byte	0x6
 320 020c 4E       		.byte	0x4e
 321 020d D5010000 		.4byte	0x1d5
 322 0211 0A       		.uleb128 0xa
 323 0212 04       		.byte	0x4
 324 0213 06       		.byte	0x6
 325 0214 90       		.byte	0x90
 326 0215 26020000 		.4byte	0x226
 327 0219 0B       		.uleb128 0xb
 328 021a 3A020000 		.4byte	.LASF47
 329 021e 06       		.byte	0x6
 330 021f 94       		.byte	0x94
 331 0220 26020000 		.4byte	0x226
 332 0224 00       		.byte	0
 333 0225 00       		.byte	0
 334 0226 0E       		.uleb128 0xe
 335 0227 04       		.byte	0x4
 336 0228 2C020000 		.4byte	0x22c
 337 022c 0F       		.uleb128 0xf
 338 022d 06020000 		.4byte	0x206
 339 0231 04       		.uleb128 0x4
 340 0232 68000000 		.4byte	.LASF48
 341 0236 06       		.byte	0x6
 342 0237 9B       		.byte	0x9b
ARM GAS  C:\Users\boehm\AppData\Local\Temp\ccbBcvSK.s 			page 7


 343 0238 11020000 		.4byte	0x211
 344 023c 0C       		.uleb128 0xc
 345 023d 2C020000 		.4byte	0x22c
 346 0241 4C020000 		.4byte	0x24c
 347 0245 0D       		.uleb128 0xd
 348 0246 96000000 		.4byte	0x96
 349 024a 00       		.byte	0
 350 024b 00       		.byte	0
 351 024c 10       		.uleb128 0x10
 352 024d 79020000 		.4byte	.LASF57
 353 0251 08       		.byte	0x8
 354 0252 1C       		.byte	0x1c
 355 0253 5D020000 		.4byte	0x25d
 356 0257 05       		.uleb128 0x5
 357 0258 03       		.byte	0x3
 358 0259 00000000 		.4byte	cy_ble_customs
 359 025d 0F       		.uleb128 0xf
 360 025e 3C020000 		.4byte	0x23c
 361 0262 11       		.uleb128 0x11
 362 0263 6C020000 		.4byte	.LASF49
 363 0267 07       		.byte	0x7
 364 0268 EA07     		.2byte	0x7ea
 365 026a 6E020000 		.4byte	0x26e
 366 026e 12       		.uleb128 0x12
 367 026f BA000000 		.4byte	0xba
 368 0273 11       		.uleb128 0x11
 369 0274 6A040000 		.4byte	.LASF50
 370 0278 05       		.byte	0x5
 371 0279 2202     		.2byte	0x222
 372 027b 3F010000 		.4byte	0x13f
 373 027f 0C       		.uleb128 0xc
 374 0280 02010000 		.4byte	0x102
 375 0284 8F020000 		.4byte	0x28f
 376 0288 0D       		.uleb128 0xd
 377 0289 96000000 		.4byte	0x96
 378 028d 00       		.byte	0
 379 028e 00       		.byte	0
 380 028f 11       		.uleb128 0x11
 381 0290 49010000 		.4byte	.LASF51
 382 0294 05       		.byte	0x5
 383 0295 2C02     		.2byte	0x22c
 384 0297 7F020000 		.4byte	0x27f
 385 029b 0C       		.uleb128 0xc
 386 029c 87010000 		.4byte	0x187
 387 02a0 AB020000 		.4byte	0x2ab
 388 02a4 0D       		.uleb128 0xd
 389 02a5 96000000 		.4byte	0x96
 390 02a9 00       		.byte	0
 391 02aa 00       		.byte	0
 392 02ab 11       		.uleb128 0x11
 393 02ac 38050000 		.4byte	.LASF52
 394 02b0 05       		.byte	0x5
 395 02b1 2D02     		.2byte	0x22d
 396 02b3 9B020000 		.4byte	0x29b
 397 02b7 13       		.uleb128 0x13
 398 02b8 D3010000 		.4byte	.LASF53
 399 02bc 08       		.byte	0x8
ARM GAS  C:\Users\boehm\AppData\Local\Temp\ccbBcvSK.s 			page 8


 400 02bd 6B       		.byte	0x6b
 401 02be 31020000 		.4byte	0x231
 402 02c2 05       		.uleb128 0x5
 403 02c3 03       		.byte	0x3
 404 02c4 00000000 		.4byte	cy_ble_customConfig
 405 02c8 00       		.byte	0
 406              		.section	.debug_abbrev,"",%progbits
 407              	.Ldebug_abbrev0:
 408 0000 01       		.uleb128 0x1
 409 0001 11       		.uleb128 0x11
 410 0002 01       		.byte	0x1
 411 0003 25       		.uleb128 0x25
 412 0004 0E       		.uleb128 0xe
 413 0005 13       		.uleb128 0x13
 414 0006 0B       		.uleb128 0xb
 415 0007 03       		.uleb128 0x3
 416 0008 0E       		.uleb128 0xe
 417 0009 1B       		.uleb128 0x1b
 418 000a 0E       		.uleb128 0xe
 419 000b 10       		.uleb128 0x10
 420 000c 17       		.uleb128 0x17
 421 000d 00       		.byte	0
 422 000e 00       		.byte	0
 423 000f 02       		.uleb128 0x2
 424 0010 24       		.uleb128 0x24
 425 0011 00       		.byte	0
 426 0012 0B       		.uleb128 0xb
 427 0013 0B       		.uleb128 0xb
 428 0014 3E       		.uleb128 0x3e
 429 0015 0B       		.uleb128 0xb
 430 0016 03       		.uleb128 0x3
 431 0017 08       		.uleb128 0x8
 432 0018 00       		.byte	0
 433 0019 00       		.byte	0
 434 001a 03       		.uleb128 0x3
 435 001b 24       		.uleb128 0x24
 436 001c 00       		.byte	0
 437 001d 0B       		.uleb128 0xb
 438 001e 0B       		.uleb128 0xb
 439 001f 3E       		.uleb128 0x3e
 440 0020 0B       		.uleb128 0xb
 441 0021 03       		.uleb128 0x3
 442 0022 0E       		.uleb128 0xe
 443 0023 00       		.byte	0
 444 0024 00       		.byte	0
 445 0025 04       		.uleb128 0x4
 446 0026 16       		.uleb128 0x16
 447 0027 00       		.byte	0
 448 0028 03       		.uleb128 0x3
 449 0029 0E       		.uleb128 0xe
 450 002a 3A       		.uleb128 0x3a
 451 002b 0B       		.uleb128 0xb
 452 002c 3B       		.uleb128 0x3b
 453 002d 0B       		.uleb128 0xb
 454 002e 49       		.uleb128 0x49
 455 002f 13       		.uleb128 0x13
 456 0030 00       		.byte	0
ARM GAS  C:\Users\boehm\AppData\Local\Temp\ccbBcvSK.s 			page 9


 457 0031 00       		.byte	0
 458 0032 05       		.uleb128 0x5
 459 0033 13       		.uleb128 0x13
 460 0034 01       		.byte	0x1
 461 0035 0B       		.uleb128 0xb
 462 0036 0B       		.uleb128 0xb
 463 0037 3A       		.uleb128 0x3a
 464 0038 0B       		.uleb128 0xb
 465 0039 3B       		.uleb128 0x3b
 466 003a 05       		.uleb128 0x5
 467 003b 01       		.uleb128 0x1
 468 003c 13       		.uleb128 0x13
 469 003d 00       		.byte	0
 470 003e 00       		.byte	0
 471 003f 06       		.uleb128 0x6
 472 0040 0D       		.uleb128 0xd
 473 0041 00       		.byte	0
 474 0042 03       		.uleb128 0x3
 475 0043 0E       		.uleb128 0xe
 476 0044 3A       		.uleb128 0x3a
 477 0045 0B       		.uleb128 0xb
 478 0046 3B       		.uleb128 0x3b
 479 0047 05       		.uleb128 0x5
 480 0048 49       		.uleb128 0x49
 481 0049 13       		.uleb128 0x13
 482 004a 38       		.uleb128 0x38
 483 004b 0B       		.uleb128 0xb
 484 004c 00       		.byte	0
 485 004d 00       		.byte	0
 486 004e 07       		.uleb128 0x7
 487 004f 16       		.uleb128 0x16
 488 0050 00       		.byte	0
 489 0051 03       		.uleb128 0x3
 490 0052 0E       		.uleb128 0xe
 491 0053 3A       		.uleb128 0x3a
 492 0054 0B       		.uleb128 0xb
 493 0055 3B       		.uleb128 0x3b
 494 0056 05       		.uleb128 0x5
 495 0057 49       		.uleb128 0x49
 496 0058 13       		.uleb128 0x13
 497 0059 00       		.byte	0
 498 005a 00       		.byte	0
 499 005b 08       		.uleb128 0x8
 500 005c 04       		.uleb128 0x4
 501 005d 01       		.byte	0x1
 502 005e 0B       		.uleb128 0xb
 503 005f 0B       		.uleb128 0xb
 504 0060 49       		.uleb128 0x49
 505 0061 13       		.uleb128 0x13
 506 0062 3A       		.uleb128 0x3a
 507 0063 0B       		.uleb128 0xb
 508 0064 3B       		.uleb128 0x3b
 509 0065 0B       		.uleb128 0xb
 510 0066 01       		.uleb128 0x1
 511 0067 13       		.uleb128 0x13
 512 0068 00       		.byte	0
 513 0069 00       		.byte	0
ARM GAS  C:\Users\boehm\AppData\Local\Temp\ccbBcvSK.s 			page 10


 514 006a 09       		.uleb128 0x9
 515 006b 28       		.uleb128 0x28
 516 006c 00       		.byte	0
 517 006d 03       		.uleb128 0x3
 518 006e 0E       		.uleb128 0xe
 519 006f 1C       		.uleb128 0x1c
 520 0070 0B       		.uleb128 0xb
 521 0071 00       		.byte	0
 522 0072 00       		.byte	0
 523 0073 0A       		.uleb128 0xa
 524 0074 13       		.uleb128 0x13
 525 0075 01       		.byte	0x1
 526 0076 0B       		.uleb128 0xb
 527 0077 0B       		.uleb128 0xb
 528 0078 3A       		.uleb128 0x3a
 529 0079 0B       		.uleb128 0xb
 530 007a 3B       		.uleb128 0x3b
 531 007b 0B       		.uleb128 0xb
 532 007c 01       		.uleb128 0x1
 533 007d 13       		.uleb128 0x13
 534 007e 00       		.byte	0
 535 007f 00       		.byte	0
 536 0080 0B       		.uleb128 0xb
 537 0081 0D       		.uleb128 0xd
 538 0082 00       		.byte	0
 539 0083 03       		.uleb128 0x3
 540 0084 0E       		.uleb128 0xe
 541 0085 3A       		.uleb128 0x3a
 542 0086 0B       		.uleb128 0xb
 543 0087 3B       		.uleb128 0x3b
 544 0088 0B       		.uleb128 0xb
 545 0089 49       		.uleb128 0x49
 546 008a 13       		.uleb128 0x13
 547 008b 38       		.uleb128 0x38
 548 008c 0B       		.uleb128 0xb
 549 008d 00       		.byte	0
 550 008e 00       		.byte	0
 551 008f 0C       		.uleb128 0xc
 552 0090 01       		.uleb128 0x1
 553 0091 01       		.byte	0x1
 554 0092 49       		.uleb128 0x49
 555 0093 13       		.uleb128 0x13
 556 0094 01       		.uleb128 0x1
 557 0095 13       		.uleb128 0x13
 558 0096 00       		.byte	0
 559 0097 00       		.byte	0
 560 0098 0D       		.uleb128 0xd
 561 0099 21       		.uleb128 0x21
 562 009a 00       		.byte	0
 563 009b 49       		.uleb128 0x49
 564 009c 13       		.uleb128 0x13
 565 009d 2F       		.uleb128 0x2f
 566 009e 0B       		.uleb128 0xb
 567 009f 00       		.byte	0
 568 00a0 00       		.byte	0
 569 00a1 0E       		.uleb128 0xe
 570 00a2 0F       		.uleb128 0xf
ARM GAS  C:\Users\boehm\AppData\Local\Temp\ccbBcvSK.s 			page 11


 571 00a3 00       		.byte	0
 572 00a4 0B       		.uleb128 0xb
 573 00a5 0B       		.uleb128 0xb
 574 00a6 49       		.uleb128 0x49
 575 00a7 13       		.uleb128 0x13
 576 00a8 00       		.byte	0
 577 00a9 00       		.byte	0
 578 00aa 0F       		.uleb128 0xf
 579 00ab 26       		.uleb128 0x26
 580 00ac 00       		.byte	0
 581 00ad 49       		.uleb128 0x49
 582 00ae 13       		.uleb128 0x13
 583 00af 00       		.byte	0
 584 00b0 00       		.byte	0
 585 00b1 10       		.uleb128 0x10
 586 00b2 34       		.uleb128 0x34
 587 00b3 00       		.byte	0
 588 00b4 03       		.uleb128 0x3
 589 00b5 0E       		.uleb128 0xe
 590 00b6 3A       		.uleb128 0x3a
 591 00b7 0B       		.uleb128 0xb
 592 00b8 3B       		.uleb128 0x3b
 593 00b9 0B       		.uleb128 0xb
 594 00ba 49       		.uleb128 0x49
 595 00bb 13       		.uleb128 0x13
 596 00bc 02       		.uleb128 0x2
 597 00bd 18       		.uleb128 0x18
 598 00be 00       		.byte	0
 599 00bf 00       		.byte	0
 600 00c0 11       		.uleb128 0x11
 601 00c1 34       		.uleb128 0x34
 602 00c2 00       		.byte	0
 603 00c3 03       		.uleb128 0x3
 604 00c4 0E       		.uleb128 0xe
 605 00c5 3A       		.uleb128 0x3a
 606 00c6 0B       		.uleb128 0xb
 607 00c7 3B       		.uleb128 0x3b
 608 00c8 05       		.uleb128 0x5
 609 00c9 49       		.uleb128 0x49
 610 00ca 13       		.uleb128 0x13
 611 00cb 3F       		.uleb128 0x3f
 612 00cc 19       		.uleb128 0x19
 613 00cd 3C       		.uleb128 0x3c
 614 00ce 19       		.uleb128 0x19
 615 00cf 00       		.byte	0
 616 00d0 00       		.byte	0
 617 00d1 12       		.uleb128 0x12
 618 00d2 35       		.uleb128 0x35
 619 00d3 00       		.byte	0
 620 00d4 49       		.uleb128 0x49
 621 00d5 13       		.uleb128 0x13
 622 00d6 00       		.byte	0
 623 00d7 00       		.byte	0
 624 00d8 13       		.uleb128 0x13
 625 00d9 34       		.uleb128 0x34
 626 00da 00       		.byte	0
 627 00db 03       		.uleb128 0x3
ARM GAS  C:\Users\boehm\AppData\Local\Temp\ccbBcvSK.s 			page 12


 628 00dc 0E       		.uleb128 0xe
 629 00dd 3A       		.uleb128 0x3a
 630 00de 0B       		.uleb128 0xb
 631 00df 3B       		.uleb128 0x3b
 632 00e0 0B       		.uleb128 0xb
 633 00e1 49       		.uleb128 0x49
 634 00e2 13       		.uleb128 0x13
 635 00e3 3F       		.uleb128 0x3f
 636 00e4 19       		.uleb128 0x19
 637 00e5 02       		.uleb128 0x2
 638 00e6 18       		.uleb128 0x18
 639 00e7 00       		.byte	0
 640 00e8 00       		.byte	0
 641 00e9 00       		.byte	0
 642              		.section	.debug_aranges,"",%progbits
 643 0000 14000000 		.4byte	0x14
 644 0004 0200     		.2byte	0x2
 645 0006 00000000 		.4byte	.Ldebug_info0
 646 000a 04       		.byte	0x4
 647 000b 00       		.byte	0
 648 000c 0000     		.2byte	0
 649 000e 0000     		.2byte	0
 650 0010 00000000 		.4byte	0
 651 0014 00000000 		.4byte	0
 652              		.section	.debug_line,"",%progbits
 653              	.Ldebug_line0:
 654 0000 FB010000 		.section	.debug_str,"MS",%progbits,1
 654      0200F501 
 654      00000201 
 654      FB0E0D00 
 654      01010101 
 655              	.LASF56:
 656 0000 433A5C55 		.ascii	"C:\\Users\\boehm\\OneDrive\\Dokumente\\PSoC Creator"
 656      73657273 
 656      5C626F65 
 656      686D5C4F 
 656      6E654472 
 657 002e 5C342E32 		.ascii	"\\4.2\\Projekt_Sensordatenerfassung\\BLE_Kommunikat"
 657      5C50726F 
 657      6A656B74 
 657      5F53656E 
 657      736F7264 
 658 005e 696F6E2E 		.ascii	"ion.cydsn\000"
 658      63796473 
 658      6E00
 659              	.LASF48:
 660 0068 63795F73 		.ascii	"cy_stc_ble_custom_config_t\000"
 660      74635F62 
 660      6C655F63 
 660      7573746F 
 660      6D5F636F 
 661              	.LASF6:
 662 0083 5F5F7569 		.ascii	"__uint8_t\000"
 662      6E74385F 
 662      7400
 663              	.LASF41:
 664 008d 63757374 		.ascii	"customServCharHandle\000"
ARM GAS  C:\Users\boehm\AppData\Local\Temp\ccbBcvSK.s 			page 13


 664      6F6D5365 
 664      72764368 
 664      61724861 
 664      6E646C65 
 665              	.LASF22:
 666 00a2 62644861 		.ascii	"bdHandle\000"
 666      6E646C65 
 666      00
 667              	.LASF37:
 668 00ab 43595F42 		.ascii	"CY_BLE_CONN_STATE_CLIENT_DESCR_DISCOVERING\000"
 668      4C455F43 
 668      4F4E4E5F 
 668      53544154 
 668      455F434C 
 669              	.LASF55:
 670 00d6 47656E65 		.ascii	"Generated_Source\\PSoC6\\BLE_custom_config.c\000"
 670      72617465 
 670      645F536F 
 670      75726365 
 670      5C50536F 
 671              	.LASF24:
 672 0101 63795F73 		.ascii	"cy_stc_ble_conn_handle_t\000"
 672      74635F62 
 672      6C655F63 
 672      6F6E6E5F 
 672      68616E64 
 673              	.LASF33:
 674 011a 43595F42 		.ascii	"CY_BLE_CONN_STATE_CONNECTED\000"
 674      4C455F43 
 674      4F4E4E5F 
 674      53544154 
 674      455F434F 
 675              	.LASF42:
 676 0136 63757374 		.ascii	"customServCharDesc\000"
 676      6F6D5365 
 676      72764368 
 676      61724465 
 676      736300
 677              	.LASF51:
 678 0149 63795F62 		.ascii	"cy_ble_connHandle\000"
 678      6C655F63 
 678      6F6E6E48 
 678      616E646C 
 678      6500
 679              	.LASF16:
 680 015b 75696E74 		.ascii	"uint8_t\000"
 680      385F7400 
 681              	.LASF9:
 682 0163 5F5F696E 		.ascii	"__int32_t\000"
 682      7433325F 
 682      7400
 683              	.LASF34:
 684 016d 43595F42 		.ascii	"CY_BLE_CONN_STATE_CLIENT_SRVC_DISCOVERING\000"
 684      4C455F43 
 684      4F4E4E5F 
 684      53544154 
 684      455F434C 
ARM GAS  C:\Users\boehm\AppData\Local\Temp\ccbBcvSK.s 			page 14


 685              	.LASF30:
 686 0197 63795F65 		.ascii	"cy_en_ble_adv_state_t\000"
 686      6E5F626C 
 686      655F6164 
 686      765F7374 
 686      6174655F 
 687              	.LASF20:
 688 01ad 666C6F61 		.ascii	"float\000"
 688      7400
 689              	.LASF29:
 690 01b3 43595F42 		.ascii	"CY_BLE_ADV_STATE_STOP_INITIATED\000"
 690      4C455F41 
 690      44565F53 
 690      54415445 
 690      5F53544F 
 691              	.LASF53:
 692 01d3 63795F62 		.ascii	"cy_ble_customConfig\000"
 692      6C655F63 
 692      7573746F 
 692      6D436F6E 
 692      66696700 
 693              	.LASF44:
 694 01e7 63757374 		.ascii	"customServHandle\000"
 694      6F6D5365 
 694      72764861 
 694      6E646C65 
 694      00
 695              	.LASF25:
 696 01f8 63795F62 		.ascii	"cy_ble_gatt_db_attr_handle_t\000"
 696      6C655F67 
 696      6174745F 
 696      64625F61 
 696      7474725F 
 697              	.LASF12:
 698 0215 6C6F6E67 		.ascii	"long unsigned int\000"
 698      20756E73 
 698      69676E65 
 698      6420696E 
 698      7400
 699              	.LASF8:
 700 0227 73686F72 		.ascii	"short unsigned int\000"
 700      7420756E 
 700      7369676E 
 700      65642069 
 700      6E7400
 701              	.LASF47:
 702 023a 63757374 		.ascii	"customs\000"
 702      6F6D7300 
 703              	.LASF36:
 704 0242 43595F42 		.ascii	"CY_BLE_CONN_STATE_CLIENT_CHAR_DISCOVERING\000"
 704      4C455F43 
 704      4F4E4E5F 
 704      53544154 
 704      455F434C 
 705              	.LASF49:
 706 026c 49544D5F 		.ascii	"ITM_RxBuffer\000"
 706      52784275 
ARM GAS  C:\Users\boehm\AppData\Local\Temp\ccbBcvSK.s 			page 15


 706      66666572 
 706      00
 707              	.LASF57:
 708 0279 63795F62 		.ascii	"cy_ble_customs\000"
 708      6C655F63 
 708      7573746F 
 708      6D7300
 709              	.LASF4:
 710 0288 756E7369 		.ascii	"unsigned char\000"
 710      676E6564 
 710      20636861 
 710      7200
 711              	.LASF7:
 712 0296 5F5F7569 		.ascii	"__uint16_t\000"
 712      6E743136 
 712      5F7400
 713              	.LASF21:
 714 02a1 646F7562 		.ascii	"double\000"
 714      6C6500
 715              	.LASF11:
 716 02a8 5F5F7569 		.ascii	"__uint32_t\000"
 716      6E743332 
 716      5F7400
 717              	.LASF0:
 718 02b3 756E7369 		.ascii	"unsigned int\000"
 718      676E6564 
 718      20696E74 
 718      00
 719              	.LASF38:
 720 02c0 43595F42 		.ascii	"CY_BLE_CONN_STATE_CLIENT_DISCOVERED\000"
 720      4C455F43 
 720      4F4E4E5F 
 720      53544154 
 720      455F434C 
 721              	.LASF13:
 722 02e4 6C6F6E67 		.ascii	"long long unsigned int\000"
 722      206C6F6E 
 722      6720756E 
 722      7369676E 
 722      65642069 
 723              	.LASF35:
 724 02fb 43595F42 		.ascii	"CY_BLE_CONN_STATE_CLIENT_INCL_DISCOVERING\000"
 724      4C455F43 
 724      4F4E4E5F 
 724      53544154 
 724      455F434C 
 725              	.LASF27:
 726 0325 43595F42 		.ascii	"CY_BLE_ADV_STATE_ADV_INITIATED\000"
 726      4C455F41 
 726      44565F53 
 726      54415445 
 726      5F414456 
 727              	.LASF54:
 728 0344 474E5520 		.ascii	"GNU C11 5.4.1 20160609 (release) [ARM/embedded-5-br"
 728      43313120 
 728      352E342E 
 728      31203230 
ARM GAS  C:\Users\boehm\AppData\Local\Temp\ccbBcvSK.s 			page 16


 728      31363036 
 729 0377 616E6368 		.ascii	"anch revision 237715] -mcpu=cortex-m4 -mfloat-abi=s"
 729      20726576 
 729      6973696F 
 729      6E203233 
 729      37373135 
 730 03aa 6F667466 		.ascii	"oftfp -mfpu=fpv4-sp-d16 -mthumb -g -Og -ffunction-s"
 730      70202D6D 
 730      6670753D 
 730      66707634 
 730      2D73702D 
 731 03dd 65637469 		.ascii	"ections -ffat-lto-objects\000"
 731      6F6E7320 
 731      2D666661 
 731      742D6C74 
 731      6F2D6F62 
 732              	.LASF46:
 733 03f7 63795F73 		.ascii	"cy_stc_ble_customs_t\000"
 733      74635F62 
 733      6C655F63 
 733      7573746F 
 733      6D735F74 
 734              	.LASF18:
 735 040c 696E7433 		.ascii	"int32_t\000"
 735      325F7400 
 736              	.LASF23:
 737 0414 61747449 		.ascii	"attId\000"
 737      6400
 738              	.LASF14:
 739 041a 73697A65 		.ascii	"sizetype\000"
 739      74797065 
 739      00
 740              	.LASF1:
 741 0423 6C6F6E67 		.ascii	"long long int\000"
 741      206C6F6E 
 741      6720696E 
 741      7400
 742              	.LASF43:
 743 0431 63795F73 		.ascii	"cy_stc_ble_customs_info_t\000"
 743      74635F62 
 743      6C655F63 
 743      7573746F 
 743      6D735F69 
 744              	.LASF31:
 745 044b 43595F42 		.ascii	"CY_BLE_CONN_STATE_DISCONNECTED\000"
 745      4C455F43 
 745      4F4E4E5F 
 745      53544154 
 745      455F4449 
 746              	.LASF50:
 747 046a 63795F62 		.ascii	"cy_ble_advState\000"
 747      6C655F61 
 747      64765374 
 747      61746500 
 748              	.LASF45:
 749 047a 63757374 		.ascii	"customServInfo\000"
 749      6F6D5365 
ARM GAS  C:\Users\boehm\AppData\Local\Temp\ccbBcvSK.s 			page 17


 749      7276496E 
 749      666F00
 750              	.LASF5:
 751 0489 73686F72 		.ascii	"short int\000"
 751      7420696E 
 751      7400
 752              	.LASF17:
 753 0493 75696E74 		.ascii	"uint16_t\000"
 753      31365F74 
 753      00
 754              	.LASF28:
 755 049c 43595F42 		.ascii	"CY_BLE_ADV_STATE_ADVERTISING\000"
 755      4C455F41 
 755      44565F53 
 755      54415445 
 755      5F414456 
 756              	.LASF32:
 757 04b9 43595F42 		.ascii	"CY_BLE_CONN_STATE_CLIENT_DISCONNECTED_DISCOVERED\000"
 757      4C455F43 
 757      4F4E4E5F 
 757      53544154 
 757      455F434C 
 758              	.LASF19:
 759 04ea 75696E74 		.ascii	"uint32_t\000"
 759      33325F74 
 759      00
 760              	.LASF10:
 761 04f3 6C6F6E67 		.ascii	"long int\000"
 761      20696E74 
 761      00
 762              	.LASF15:
 763 04fc 63686172 		.ascii	"char\000"
 763      00
 764              	.LASF2:
 765 0501 6C6F6E67 		.ascii	"long double\000"
 765      20646F75 
 765      626C6500 
 766              	.LASF3:
 767 050d 7369676E 		.ascii	"signed char\000"
 767      65642063 
 767      68617200 
 768              	.LASF26:
 769 0519 43595F42 		.ascii	"CY_BLE_ADV_STATE_STOPPED\000"
 769      4C455F41 
 769      44565F53 
 769      54415445 
 769      5F53544F 
 770              	.LASF40:
 771 0532 5F426F6F 		.ascii	"_Bool\000"
 771      6C00
 772              	.LASF52:
 773 0538 63795F62 		.ascii	"cy_ble_connState\000"
 773      6C655F63 
 773      6F6E6E53 
 773      74617465 
 773      00
 774              	.LASF39:
ARM GAS  C:\Users\boehm\AppData\Local\Temp\ccbBcvSK.s 			page 18


 775 0549 63795F65 		.ascii	"cy_en_ble_conn_state_t\000"
 775      6E5F626C 
 775      655F636F 
 775      6E6E5F73 
 775      74617465 
 776              		.ident	"GCC: (GNU Tools for ARM Embedded Processors) 5.4.1 20160609 (release) [ARM/embedded-5-bran
