ARM GAS  C:\Users\boehm\AppData\Local\Temp\ccGz05Mk.s 			page 1


   1              		.syntax unified
   2              		.cpu cortex-m4
   3              		.eabi_attribute 27, 1
   4              		.fpu fpv4-sp-d16
   5              		.eabi_attribute 20, 1
   6              		.eabi_attribute 21, 1
   7              		.eabi_attribute 23, 3
   8              		.eabi_attribute 24, 1
   9              		.eabi_attribute 25, 1
  10              		.eabi_attribute 26, 1
  11              		.eabi_attribute 30, 1
  12              		.eabi_attribute 34, 1
  13              		.eabi_attribute 18, 4
  14              		.thumb
  15              		.syntax unified
  16              		.file	"cyfitter_sysint_cfg.c"
  17              		.text
  18              	.Ltext0:
  19              		.cfi_sections	.debug_frame
  20              		.global	isr_LED_cfg
  21              		.section	.rodata
  22              		.align	2
  23              		.type	isr_LED_cfg, %object
  24              		.size	isr_LED_cfg, 8
  25              	isr_LED_cfg:
  26 0000 1300     		.short	19
  27 0002 0000     		.space	2
  28 0004 07000000 		.word	7
  29              		.text
  30              	.Letext0:
  31              		.file 1 "Generated_Source\\PSoC6\\pdl\\devices/psoc6/psoc63/include/cy8c6347bzi_bld53.h"
  32              		.file 2 "c:\\program files (x86)\\cypress\\psoc creator\\4.2\\psoc creator\\import\\gnu\\arm\\5.4.
  33              		.file 3 "c:\\program files (x86)\\cypress\\psoc creator\\4.2\\psoc creator\\import\\gnu\\arm\\5.4.
  34              		.file 4 "Generated_Source\\PSoC6\\pdl\\drivers/peripheral/sysint/cy_sysint.h"
  35              		.file 5 "Generated_Source\\PSoC6\\pdl\\cmsis/include/core_cm4.h"
  36              		.file 6 "Generated_Source\\PSoC6\\cyfitter_sysint_cfg.c"
  37              		.section	.debug_info,"",%progbits
  38              	.Ldebug_info0:
  39 0000 CE040000 		.4byte	0x4ce
  40 0004 0400     		.2byte	0x4
  41 0006 00000000 		.4byte	.Ldebug_abbrev0
  42 000a 04       		.byte	0x4
  43 000b 01       		.uleb128 0x1
  44 000c A3090000 		.4byte	.LASF182
  45 0010 0C       		.byte	0xc
  46 0011 D70D0000 		.4byte	.LASF183
  47 0015 1B000000 		.4byte	.LASF184
  48 0019 00000000 		.4byte	.Ldebug_line0
  49 001d 02       		.uleb128 0x2
  50 001e 02       		.byte	0x2
  51 001f DE030000 		.4byte	0x3de
  52 0023 01       		.byte	0x1
  53 0024 24       		.byte	0x24
  54 0025 DE030000 		.4byte	0x3de
  55 0029 03       		.uleb128 0x3
  56 002a A2020000 		.4byte	.LASF0
  57 002e 71       		.sleb128 -15
ARM GAS  C:\Users\boehm\AppData\Local\Temp\ccGz05Mk.s 			page 2


  58 002f 03       		.uleb128 0x3
  59 0030 8C0E0000 		.4byte	.LASF1
  60 0034 72       		.sleb128 -14
  61 0035 03       		.uleb128 0x3
  62 0036 F60E0000 		.4byte	.LASF2
  63 003a 73       		.sleb128 -13
  64 003b 03       		.uleb128 0x3
  65 003c C80A0000 		.4byte	.LASF3
  66 0040 74       		.sleb128 -12
  67 0041 03       		.uleb128 0x3
  68 0042 37050000 		.4byte	.LASF4
  69 0046 75       		.sleb128 -11
  70 0047 03       		.uleb128 0x3
  71 0048 460D0000 		.4byte	.LASF5
  72 004c 76       		.sleb128 -10
  73 004d 03       		.uleb128 0x3
  74 004e DC060000 		.4byte	.LASF6
  75 0052 7B       		.sleb128 -5
  76 0053 03       		.uleb128 0x3
  77 0054 210F0000 		.4byte	.LASF7
  78 0058 7C       		.sleb128 -4
  79 0059 03       		.uleb128 0x3
  80 005a 550E0000 		.4byte	.LASF8
  81 005e 7E       		.sleb128 -2
  82 005f 03       		.uleb128 0x3
  83 0060 D1070000 		.4byte	.LASF9
  84 0064 7F       		.sleb128 -1
  85 0065 04       		.uleb128 0x4
  86 0066 1B020000 		.4byte	.LASF10
  87 006a 00       		.byte	0
  88 006b 04       		.uleb128 0x4
  89 006c DA0E0000 		.4byte	.LASF11
  90 0070 01       		.byte	0x1
  91 0071 04       		.uleb128 0x4
  92 0072 83000000 		.4byte	.LASF12
  93 0076 02       		.byte	0x2
  94 0077 04       		.uleb128 0x4
  95 0078 210E0000 		.4byte	.LASF13
  96 007c 03       		.byte	0x3
  97 007d 04       		.uleb128 0x4
  98 007e 1D100000 		.4byte	.LASF14
  99 0082 04       		.byte	0x4
 100 0083 04       		.uleb128 0x4
 101 0084 BC050000 		.4byte	.LASF15
 102 0088 05       		.byte	0x5
 103 0089 04       		.uleb128 0x4
 104 008a 82070000 		.4byte	.LASF16
 105 008e 06       		.byte	0x6
 106 008f 04       		.uleb128 0x4
 107 0090 6A090000 		.4byte	.LASF17
 108 0094 07       		.byte	0x7
 109 0095 04       		.uleb128 0x4
 110 0096 C0110000 		.4byte	.LASF18
 111 009a 08       		.byte	0x8
 112 009b 04       		.uleb128 0x4
 113 009c 57020000 		.4byte	.LASF19
 114 00a0 09       		.byte	0x9
ARM GAS  C:\Users\boehm\AppData\Local\Temp\ccGz05Mk.s 			page 3


 115 00a1 04       		.uleb128 0x4
 116 00a2 FF0B0000 		.4byte	.LASF20
 117 00a6 0A       		.byte	0xa
 118 00a7 04       		.uleb128 0x4
 119 00a8 AB0A0000 		.4byte	.LASF21
 120 00ac 0B       		.byte	0xb
 121 00ad 04       		.uleb128 0x4
 122 00ae 4D100000 		.4byte	.LASF22
 123 00b2 0C       		.byte	0xc
 124 00b3 04       		.uleb128 0x4
 125 00b4 0A060000 		.4byte	.LASF23
 126 00b8 0D       		.byte	0xd
 127 00b9 04       		.uleb128 0x4
 128 00ba B4070000 		.4byte	.LASF24
 129 00be 0E       		.byte	0xe
 130 00bf 04       		.uleb128 0x4
 131 00c0 6A040000 		.4byte	.LASF25
 132 00c4 0F       		.byte	0xf
 133 00c5 04       		.uleb128 0x4
 134 00c6 BA100000 		.4byte	.LASF26
 135 00ca 10       		.byte	0x10
 136 00cb 04       		.uleb128 0x4
 137 00cc 67030000 		.4byte	.LASF27
 138 00d0 11       		.byte	0x11
 139 00d1 04       		.uleb128 0x4
 140 00d2 E2000000 		.4byte	.LASF28
 141 00d6 12       		.byte	0x12
 142 00d7 04       		.uleb128 0x4
 143 00d8 83040000 		.4byte	.LASF29
 144 00dc 13       		.byte	0x13
 145 00dd 04       		.uleb128 0x4
 146 00de 71060000 		.4byte	.LASF30
 147 00e2 14       		.byte	0x14
 148 00e3 04       		.uleb128 0x4
 149 00e4 09110000 		.4byte	.LASF31
 150 00e8 15       		.byte	0x15
 151 00e9 04       		.uleb128 0x4
 152 00ea CE000000 		.4byte	.LASF32
 153 00ee 16       		.byte	0x16
 154 00ef 04       		.uleb128 0x4
 155 00f0 71050000 		.4byte	.LASF33
 156 00f4 17       		.byte	0x17
 157 00f5 04       		.uleb128 0x4
 158 00f6 2A010000 		.4byte	.LASF34
 159 00fa 18       		.byte	0x18
 160 00fb 04       		.uleb128 0x4
 161 00fc 460F0000 		.4byte	.LASF35
 162 0100 19       		.byte	0x19
 163 0101 04       		.uleb128 0x4
 164 0102 15070000 		.4byte	.LASF36
 165 0106 1A       		.byte	0x1a
 166 0107 04       		.uleb128 0x4
 167 0108 EC080000 		.4byte	.LASF37
 168 010c 1B       		.byte	0x1b
 169 010d 04       		.uleb128 0x4
 170 010e C90B0000 		.4byte	.LASF38
 171 0112 1C       		.byte	0x1c
ARM GAS  C:\Users\boehm\AppData\Local\Temp\ccGz05Mk.s 			page 4


 172 0113 04       		.uleb128 0x4
 173 0114 84010000 		.4byte	.LASF39
 174 0118 1D       		.byte	0x1d
 175 0119 04       		.uleb128 0x4
 176 011a BA030000 		.4byte	.LASF40
 177 011e 1E       		.byte	0x1e
 178 011f 04       		.uleb128 0x4
 179 0120 D8050000 		.4byte	.LASF41
 180 0124 1F       		.byte	0x1f
 181 0125 04       		.uleb128 0x4
 182 0126 560D0000 		.4byte	.LASF42
 183 012a 20       		.byte	0x20
 184 012b 04       		.uleb128 0x4
 185 012c 970F0000 		.4byte	.LASF43
 186 0130 21       		.byte	0x21
 187 0131 04       		.uleb128 0x4
 188 0132 DC110000 		.4byte	.LASF44
 189 0136 22       		.byte	0x22
 190 0137 04       		.uleb128 0x4
 191 0138 24110000 		.4byte	.LASF45
 192 013c 23       		.byte	0x23
 193 013d 04       		.uleb128 0x4
 194 013e A0010000 		.4byte	.LASF46
 195 0142 24       		.byte	0x24
 196 0143 04       		.uleb128 0x4
 197 0144 F2030000 		.4byte	.LASF47
 198 0148 25       		.byte	0x25
 199 0149 04       		.uleb128 0x4
 200 014a 0E120000 		.4byte	.LASF48
 201 014e 26       		.byte	0x26
 202 014f 04       		.uleb128 0x4
 203 0150 8E0D0000 		.4byte	.LASF49
 204 0154 27       		.byte	0x27
 205 0155 04       		.uleb128 0x4
 206 0156 CF0F0000 		.4byte	.LASF50
 207 015a 28       		.byte	0x28
 208 015b 04       		.uleb128 0x4
 209 015c 55010000 		.4byte	.LASF51
 210 0160 29       		.byte	0x29
 211 0161 04       		.uleb128 0x4
 212 0162 45050000 		.4byte	.LASF52
 213 0166 2A       		.byte	0x2a
 214 0167 04       		.uleb128 0x4
 215 0168 8A050000 		.4byte	.LASF53
 216 016c 2B       		.byte	0x2b
 217 016d 04       		.uleb128 0x4
 218 016e 610E0000 		.4byte	.LASF54
 219 0172 2C       		.byte	0x2c
 220 0173 04       		.uleb128 0x4
 221 0174 55090000 		.4byte	.LASF55
 222 0178 2D       		.byte	0x2d
 223 0179 04       		.uleb128 0x4
 224 017a 9F000000 		.4byte	.LASF56
 225 017e 2E       		.byte	0x2e
 226 017f 04       		.uleb128 0x4
 227 0180 C50E0000 		.4byte	.LASF57
 228 0184 2F       		.byte	0x2f
ARM GAS  C:\Users\boehm\AppData\Local\Temp\ccGz05Mk.s 			page 5


 229 0185 04       		.uleb128 0x4
 230 0186 FD040000 		.4byte	.LASF58
 231 018a 30       		.byte	0x30
 232 018b 04       		.uleb128 0x4
 233 018c 330F0000 		.4byte	.LASF59
 234 0190 31       		.byte	0x31
 235 0191 04       		.uleb128 0x4
 236 0192 9E100000 		.4byte	.LASF60
 237 0196 32       		.byte	0x32
 238 0197 04       		.uleb128 0x4
 239 0198 F7000000 		.4byte	.LASF61
 240 019c 33       		.byte	0x33
 241 019d 04       		.uleb128 0x4
 242 019e 34030000 		.4byte	.LASF62
 243 01a2 34       		.byte	0x34
 244 01a3 04       		.uleb128 0x4
 245 01a4 8F0A0000 		.4byte	.LASF63
 246 01a8 35       		.byte	0x35
 247 01a9 04       		.uleb128 0x4
 248 01aa 4E040000 		.4byte	.LASF64
 249 01ae 36       		.byte	0x36
 250 01af 04       		.uleb128 0x4
 251 01b0 050F0000 		.4byte	.LASF65
 252 01b4 37       		.byte	0x37
 253 01b5 04       		.uleb128 0x4
 254 01b6 C1040000 		.4byte	.LASF66
 255 01ba 38       		.byte	0x38
 256 01bb 04       		.uleb128 0x4
 257 01bc 5D110000 		.4byte	.LASF67
 258 01c0 39       		.byte	0x39
 259 01c1 04       		.uleb128 0x4
 260 01c2 89080000 		.4byte	.LASF68
 261 01c6 3A       		.byte	0x3a
 262 01c7 04       		.uleb128 0x4
 263 01c8 600B0000 		.4byte	.LASF69
 264 01cc 3B       		.byte	0x3b
 265 01cd 04       		.uleb128 0x4
 266 01ce B5080000 		.4byte	.LASF70
 267 01d2 3C       		.byte	0x3c
 268 01d3 04       		.uleb128 0x4
 269 01d4 920B0000 		.4byte	.LASF71
 270 01d8 3D       		.byte	0x3d
 271 01d9 04       		.uleb128 0x4
 272 01da 040E0000 		.4byte	.LASF72
 273 01de 3E       		.byte	0x3e
 274 01df 04       		.uleb128 0x4
 275 01e0 86090000 		.4byte	.LASF73
 276 01e4 3F       		.byte	0x3f
 277 01e5 04       		.uleb128 0x4
 278 01e6 9F050000 		.4byte	.LASF74
 279 01ea 40       		.byte	0x40
 280 01eb 04       		.uleb128 0x4
 281 01ec 65070000 		.4byte	.LASF75
 282 01f0 41       		.byte	0x41
 283 01f1 04       		.uleb128 0x4
 284 01f2 2D0B0000 		.4byte	.LASF76
 285 01f6 42       		.byte	0x42
ARM GAS  C:\Users\boehm\AppData\Local\Temp\ccGz05Mk.s 			page 6


 286 01f7 04       		.uleb128 0x4
 287 01f8 720D0000 		.4byte	.LASF77
 288 01fc 43       		.byte	0x43
 289 01fd 04       		.uleb128 0x4
 290 01fe B30F0000 		.4byte	.LASF78
 291 0202 44       		.byte	0x44
 292 0203 04       		.uleb128 0x4
 293 0204 880C0000 		.4byte	.LASF79
 294 0208 45       		.byte	0x45
 295 0209 04       		.uleb128 0x4
 296 020a 31070000 		.4byte	.LASF80
 297 020e 46       		.byte	0x46
 298 020f 04       		.uleb128 0x4
 299 0210 08090000 		.4byte	.LASF81
 300 0214 47       		.byte	0x47
 301 0215 04       		.uleb128 0x4
 302 0216 41110000 		.4byte	.LASF82
 303 021a 48       		.byte	0x48
 304 021b 04       		.uleb128 0x4
 305 021c D6030000 		.4byte	.LASF83
 306 0220 49       		.byte	0x49
 307 0221 04       		.uleb128 0x4
 308 0222 0F040000 		.4byte	.LASF84
 309 0226 4A       		.byte	0x4a
 310 0227 04       		.uleb128 0x4
 311 0228 18030000 		.4byte	.LASF85
 312 022c 4B       		.byte	0x4b
 313 022d 04       		.uleb128 0x4
 314 022e EC100000 		.4byte	.LASF86
 315 0232 4C       		.byte	0x4c
 316 0233 04       		.uleb128 0x4
 317 0234 CA0C0000 		.4byte	.LASF87
 318 0238 4D       		.byte	0x4d
 319 0239 04       		.uleb128 0x4
 320 023a 81100000 		.4byte	.LASF88
 321 023e 4E       		.byte	0x4e
 322 023f 04       		.uleb128 0x4
 323 0240 42060000 		.4byte	.LASF89
 324 0244 4F       		.byte	0x4f
 325 0245 04       		.uleb128 0x4
 326 0246 DE070000 		.4byte	.LASF90
 327 024a 50       		.byte	0x50
 328 024b 04       		.uleb128 0x4
 329 024c 560A0000 		.4byte	.LASF91
 330 0250 51       		.byte	0x51
 331 0251 04       		.uleb128 0x4
 332 0252 BE060000 		.4byte	.LASF92
 333 0256 52       		.byte	0x52
 334 0257 04       		.uleb128 0x4
 335 0258 4B080000 		.4byte	.LASF93
 336 025c 53       		.byte	0x53
 337 025d 04       		.uleb128 0x4
 338 025e C8020000 		.4byte	.LASF94
 339 0262 54       		.byte	0x54
 340 0263 04       		.uleb128 0x4
 341 0264 4D070000 		.4byte	.LASF95
 342 0268 55       		.byte	0x55
ARM GAS  C:\Users\boehm\AppData\Local\Temp\ccGz05Mk.s 			page 7


 343 0269 04       		.uleb128 0x4
 344 026a A0110000 		.4byte	.LASF96
 345 026e 56       		.byte	0x56
 346 026f 04       		.uleb128 0x4
 347 0270 37020000 		.4byte	.LASF97
 348 0274 57       		.byte	0x57
 349 0275 04       		.uleb128 0x4
 350 0276 4D0C0000 		.4byte	.LASF98
 351 027a 58       		.byte	0x58
 352 027b 04       		.uleb128 0x4
 353 027c DD040000 		.4byte	.LASF99
 354 0280 59       		.byte	0x59
 355 0281 04       		.uleb128 0x4
 356 0282 D2100000 		.4byte	.LASF100
 357 0286 5A       		.byte	0x5a
 358 0287 04       		.uleb128 0x4
 359 0288 8D060000 		.4byte	.LASF101
 360 028c 5B       		.byte	0x5b
 361 028d 04       		.uleb128 0x4
 362 028e 16080000 		.4byte	.LASF102
 363 0292 5C       		.byte	0x5c
 364 0293 04       		.uleb128 0x4
 365 0294 DE0A0000 		.4byte	.LASF103
 366 0298 5D       		.byte	0x5d
 367 0299 04       		.uleb128 0x4
 368 029a B4000000 		.4byte	.LASF104
 369 029e 5E       		.byte	0x5e
 370 029f 04       		.uleb128 0x4
 371 02a0 FE020000 		.4byte	.LASF105
 372 02a4 5F       		.byte	0x5f
 373 02a5 04       		.uleb128 0x4
 374 02a6 12050000 		.4byte	.LASF106
 375 02aa 60       		.byte	0x60
 376 02ab 04       		.uleb128 0x4
 377 02ac A40C0000 		.4byte	.LASF107
 378 02b0 61       		.byte	0x61
 379 02b1 04       		.uleb128 0x4
 380 02b2 7D030000 		.4byte	.LASF108
 381 02b6 62       		.byte	0x62
 382 02b7 04       		.uleb128 0x4
 383 02b8 130B0000 		.4byte	.LASF109
 384 02bc 63       		.byte	0x63
 385 02bd 04       		.uleb128 0x4
 386 02be 2C0D0000 		.4byte	.LASF110
 387 02c2 64       		.byte	0x64
 388 02c3 04       		.uleb128 0x4
 389 02c4 7D0F0000 		.4byte	.LASF111
 390 02c8 65       		.byte	0x65
 391 02c9 04       		.uleb128 0x4
 392 02ca 86110000 		.4byte	.LASF112
 393 02ce 66       		.byte	0x66
 394 02cf 04       		.uleb128 0x4
 395 02d0 FB060000 		.4byte	.LASF113
 396 02d4 67       		.byte	0x67
 397 02d5 04       		.uleb128 0x4
 398 02d6 D2080000 		.4byte	.LASF114
 399 02da 68       		.byte	0x68
ARM GAS  C:\Users\boehm\AppData\Local\Temp\ccGz05Mk.s 			page 8


 400 02db 04       		.uleb128 0x4
 401 02dc AF0B0000 		.4byte	.LASF115
 402 02e0 69       		.byte	0x69
 403 02e1 04       		.uleb128 0x4
 404 02e2 6A010000 		.4byte	.LASF116
 405 02e6 6A       		.byte	0x6a
 406 02e7 04       		.uleb128 0x4
 407 02e8 A0030000 		.4byte	.LASF117
 408 02ec 6B       		.byte	0x6b
 409 02ed 04       		.uleb128 0x4
 410 02ee 00020000 		.4byte	.LASF118
 411 02f2 6C       		.byte	0x6c
 412 02f3 04       		.uleb128 0x4
 413 02f4 33040000 		.4byte	.LASF119
 414 02f8 6D       		.byte	0x6d
 415 02f9 04       		.uleb128 0x4
 416 02fa 27060000 		.4byte	.LASF120
 417 02fe 6E       		.byte	0x6e
 418 02ff 04       		.uleb128 0x4
 419 0300 30080000 		.4byte	.LASF121
 420 0304 6F       		.byte	0x6f
 421 0305 04       		.uleb128 0x4
 422 0306 02100000 		.4byte	.LASF122
 423 030a 70       		.byte	0x70
 424 030b 04       		.uleb128 0x4
 425 030c 00000000 		.4byte	.LASF123
 426 0310 71       		.byte	0x71
 427 0311 04       		.uleb128 0x4
 428 0312 AD020000 		.4byte	.LASF124
 429 0316 72       		.byte	0x72
 430 0317 04       		.uleb128 0x4
 431 0318 3A090000 		.4byte	.LASF125
 432 031c 73       		.byte	0x73
 433 031d 04       		.uleb128 0x4
 434 031e 6D0C0000 		.4byte	.LASF126
 435 0322 74       		.byte	0x74
 436 0323 04       		.uleb128 0x4
 437 0324 AA0E0000 		.4byte	.LASF127
 438 0328 75       		.byte	0x75
 439 0329 04       		.uleb128 0x4
 440 032a F80A0000 		.4byte	.LASF128
 441 032e 76       		.byte	0x76
 442 032f 04       		.uleb128 0x4
 443 0330 080D0000 		.4byte	.LASF129
 444 0334 77       		.byte	0x77
 445 0335 04       		.uleb128 0x4
 446 0336 620F0000 		.4byte	.LASF130
 447 033a 78       		.byte	0x78
 448 033b 04       		.uleb128 0x4
 449 033c FB070000 		.4byte	.LASF131
 450 0340 79       		.byte	0x79
 451 0341 04       		.uleb128 0x4
 452 0342 BD010000 		.4byte	.LASF132
 453 0346 7A       		.byte	0x7a
 454 0347 04       		.uleb128 0x4
 455 0348 3F010000 		.4byte	.LASF133
 456 034c 7B       		.byte	0x7b
ARM GAS  C:\Users\boehm\AppData\Local\Temp\ccGz05Mk.s 			page 9


 457 034d 04       		.uleb128 0x4
 458 034e F4050000 		.4byte	.LASF134
 459 0352 7C       		.byte	0x7c
 460 0353 04       		.uleb128 0x4
 461 0354 9E070000 		.4byte	.LASF135
 462 0358 7D       		.byte	0x7d
 463 0359 04       		.uleb128 0x4
 464 035a EC0F0000 		.4byte	.LASF136
 465 035e 7E       		.byte	0x7e
 466 035f 04       		.uleb128 0x4
 467 0360 F8110000 		.4byte	.LASF137
 468 0364 7F       		.byte	0x7f
 469 0365 04       		.uleb128 0x4
 470 0366 8C020000 		.4byte	.LASF138
 471 036a 80       		.byte	0x80
 472 036b 04       		.uleb128 0x4
 473 036c 24090000 		.4byte	.LASF139
 474 0370 81       		.byte	0x81
 475 0371 04       		.uleb128 0x4
 476 0372 1C0C0000 		.4byte	.LASF140
 477 0376 82       		.byte	0x82
 478 0377 04       		.uleb128 0x4
 479 0378 760E0000 		.4byte	.LASF141
 480 037c 83       		.byte	0x83
 481 037d 04       		.uleb128 0x4
 482 037e 72080000 		.4byte	.LASF142
 483 0382 84       		.byte	0x84
 484 0383 04       		.uleb128 0x4
 485 0384 490B0000 		.4byte	.LASF143
 486 0388 85       		.byte	0x85
 487 0389 04       		.uleb128 0x4
 488 038a 13010000 		.4byte	.LASF144
 489 038e 86       		.byte	0x86
 490 038f 04       		.uleb128 0x4
 491 0390 50030000 		.4byte	.LASF145
 492 0394 87       		.byte	0x87
 493 0395 04       		.uleb128 0x4
 494 0396 5A050000 		.4byte	.LASF146
 495 039a 88       		.byte	0x88
 496 039b 04       		.uleb128 0x4
 497 039c E70C0000 		.4byte	.LASF147
 498 03a0 89       		.byte	0x89
 499 03a1 04       		.uleb128 0x4
 500 03a2 3D0E0000 		.4byte	.LASF148
 501 03a6 8A       		.byte	0x8a
 502 03a7 04       		.uleb128 0x4
 503 03a8 A6040000 		.4byte	.LASF149
 504 03ac 8B       		.byte	0x8b
 505 03ad 04       		.uleb128 0x4
 506 03ae AB0D0000 		.4byte	.LASF150
 507 03b2 8C       		.byte	0x8c
 508 03b3 04       		.uleb128 0x4
 509 03b4 6A100000 		.4byte	.LASF151
 510 03b8 8D       		.byte	0x8d
 511 03b9 04       		.uleb128 0x4
 512 03ba 39100000 		.4byte	.LASF152
 513 03be 8E       		.byte	0x8e
ARM GAS  C:\Users\boehm\AppData\Local\Temp\ccGz05Mk.s 			page 10


 514 03bf 04       		.uleb128 0x4
 515 03c0 730A0000 		.4byte	.LASF153
 516 03c4 8F       		.byte	0x8f
 517 03c5 04       		.uleb128 0x4
 518 03c6 A7060000 		.4byte	.LASF154
 519 03ca 90       		.byte	0x90
 520 03cb 04       		.uleb128 0x4
 521 03cc EA010000 		.4byte	.LASF155
 522 03d0 91       		.byte	0x91
 523 03d1 04       		.uleb128 0x4
 524 03d2 73020000 		.4byte	.LASF156
 525 03d6 92       		.byte	0x92
 526 03d7 04       		.uleb128 0x4
 527 03d8 320C0000 		.4byte	.LASF157
 528 03dc F0       		.byte	0xf0
 529 03dd 00       		.byte	0
 530 03de 05       		.uleb128 0x5
 531 03df 02       		.byte	0x2
 532 03e0 05       		.byte	0x5
 533 03e1 430C0000 		.4byte	.LASF158
 534 03e5 06       		.uleb128 0x6
 535 03e6 FE0C0000 		.4byte	.LASF162
 536 03ea 01       		.byte	0x1
 537 03eb F4       		.byte	0xf4
 538 03ec 1D000000 		.4byte	0x1d
 539 03f0 05       		.uleb128 0x5
 540 03f1 01       		.byte	0x1
 541 03f2 06       		.byte	0x6
 542 03f3 F2020000 		.4byte	.LASF159
 543 03f7 05       		.uleb128 0x5
 544 03f8 01       		.byte	0x1
 545 03f9 08       		.byte	0x8
 546 03fa 840B0000 		.4byte	.LASF160
 547 03fe 05       		.uleb128 0x5
 548 03ff 02       		.byte	0x2
 549 0400 07       		.byte	0x7
 550 0401 E8060000 		.4byte	.LASF161
 551 0405 06       		.uleb128 0x6
 552 0406 A00E0000 		.4byte	.LASF163
 553 040a 02       		.byte	0x2
 554 040b 3F       		.byte	0x3f
 555 040c 10040000 		.4byte	0x410
 556 0410 05       		.uleb128 0x5
 557 0411 04       		.byte	0x4
 558 0412 05       		.byte	0x5
 559 0413 97030000 		.4byte	.LASF164
 560 0417 06       		.uleb128 0x6
 561 0418 2C050000 		.4byte	.LASF165
 562 041c 02       		.byte	0x2
 563 041d 41       		.byte	0x41
 564 041e 22040000 		.4byte	0x422
 565 0422 05       		.uleb128 0x5
 566 0423 04       		.byte	0x4
 567 0424 07       		.byte	0x7
 568 0425 5F060000 		.4byte	.LASF166
 569 0429 05       		.uleb128 0x5
 570 042a 08       		.byte	0x8
ARM GAS  C:\Users\boehm\AppData\Local\Temp\ccGz05Mk.s 			page 11


 571 042b 05       		.byte	0x5
 572 042c E4020000 		.4byte	.LASF167
 573 0430 05       		.uleb128 0x5
 574 0431 08       		.byte	0x8
 575 0432 07       		.byte	0x7
 576 0433 D3010000 		.4byte	.LASF168
 577 0437 07       		.uleb128 0x7
 578 0438 04       		.byte	0x4
 579 0439 05       		.byte	0x5
 580 043a 696E7400 		.ascii	"int\000"
 581 043e 05       		.uleb128 0x5
 582 043f 04       		.byte	0x4
 583 0440 07       		.byte	0x7
 584 0441 F20B0000 		.4byte	.LASF169
 585 0445 06       		.uleb128 0x6
 586 0446 7C0B0000 		.4byte	.LASF170
 587 044a 03       		.byte	0x3
 588 044b 2C       		.byte	0x2c
 589 044c 05040000 		.4byte	0x405
 590 0450 06       		.uleb128 0x6
 591 0451 230D0000 		.4byte	.LASF171
 592 0455 03       		.byte	0x3
 593 0456 30       		.byte	0x30
 594 0457 17040000 		.4byte	0x417
 595 045b 05       		.uleb128 0x5
 596 045c 04       		.byte	0x4
 597 045d 07       		.byte	0x7
 598 045e 69080000 		.4byte	.LASF172
 599 0462 05       		.uleb128 0x5
 600 0463 08       		.byte	0x8
 601 0464 04       		.byte	0x4
 602 0465 C60D0000 		.4byte	.LASF173
 603 0469 05       		.uleb128 0x5
 604 046a 01       		.byte	0x1
 605 046b 08       		.byte	0x8
 606 046c D20D0000 		.4byte	.LASF174
 607 0470 05       		.uleb128 0x5
 608 0471 04       		.byte	0x4
 609 0472 04       		.byte	0x4
 610 0473 890A0000 		.4byte	.LASF175
 611 0477 05       		.uleb128 0x5
 612 0478 08       		.byte	0x8
 613 0479 04       		.byte	0x4
 614 047a 9F040000 		.4byte	.LASF176
 615 047e 08       		.uleb128 0x8
 616 047f 08       		.byte	0x8
 617 0480 04       		.byte	0x4
 618 0481 EB       		.byte	0xeb
 619 0482 9F040000 		.4byte	0x49f
 620 0486 09       		.uleb128 0x9
 621 0487 2B040000 		.4byte	.LASF177
 622 048b 04       		.byte	0x4
 623 048c EC       		.byte	0xec
 624 048d E5030000 		.4byte	0x3e5
 625 0491 00       		.byte	0
 626 0492 09       		.uleb128 0x9
 627 0493 79110000 		.4byte	.LASF178
ARM GAS  C:\Users\boehm\AppData\Local\Temp\ccGz05Mk.s 			page 12


 628 0497 04       		.byte	0x4
 629 0498 F0       		.byte	0xf0
 630 0499 50040000 		.4byte	0x450
 631 049d 04       		.byte	0x4
 632 049e 00       		.byte	0
 633 049f 06       		.uleb128 0x6
 634 04a0 A5080000 		.4byte	.LASF179
 635 04a4 04       		.byte	0x4
 636 04a5 F1       		.byte	0xf1
 637 04a6 7E040000 		.4byte	0x47e
 638 04aa 0A       		.uleb128 0xa
 639 04ab E50B0000 		.4byte	.LASF180
 640 04af 05       		.byte	0x5
 641 04b0 EA07     		.2byte	0x7ea
 642 04b2 B6040000 		.4byte	0x4b6
 643 04b6 0B       		.uleb128 0xb
 644 04b7 45040000 		.4byte	0x445
 645 04bb 0C       		.uleb128 0xc
 646 04bc BE0C0000 		.4byte	.LASF181
 647 04c0 06       		.byte	0x6
 648 04c1 18       		.byte	0x18
 649 04c2 CC040000 		.4byte	0x4cc
 650 04c6 05       		.uleb128 0x5
 651 04c7 03       		.byte	0x3
 652 04c8 00000000 		.4byte	isr_LED_cfg
 653 04cc 0D       		.uleb128 0xd
 654 04cd 9F040000 		.4byte	0x49f
 655 04d1 00       		.byte	0
 656              		.section	.debug_abbrev,"",%progbits
 657              	.Ldebug_abbrev0:
 658 0000 01       		.uleb128 0x1
 659 0001 11       		.uleb128 0x11
 660 0002 01       		.byte	0x1
 661 0003 25       		.uleb128 0x25
 662 0004 0E       		.uleb128 0xe
 663 0005 13       		.uleb128 0x13
 664 0006 0B       		.uleb128 0xb
 665 0007 03       		.uleb128 0x3
 666 0008 0E       		.uleb128 0xe
 667 0009 1B       		.uleb128 0x1b
 668 000a 0E       		.uleb128 0xe
 669 000b 10       		.uleb128 0x10
 670 000c 17       		.uleb128 0x17
 671 000d 00       		.byte	0
 672 000e 00       		.byte	0
 673 000f 02       		.uleb128 0x2
 674 0010 04       		.uleb128 0x4
 675 0011 01       		.byte	0x1
 676 0012 0B       		.uleb128 0xb
 677 0013 0B       		.uleb128 0xb
 678 0014 49       		.uleb128 0x49
 679 0015 13       		.uleb128 0x13
 680 0016 3A       		.uleb128 0x3a
 681 0017 0B       		.uleb128 0xb
 682 0018 3B       		.uleb128 0x3b
 683 0019 0B       		.uleb128 0xb
 684 001a 01       		.uleb128 0x1
ARM GAS  C:\Users\boehm\AppData\Local\Temp\ccGz05Mk.s 			page 13


 685 001b 13       		.uleb128 0x13
 686 001c 00       		.byte	0
 687 001d 00       		.byte	0
 688 001e 03       		.uleb128 0x3
 689 001f 28       		.uleb128 0x28
 690 0020 00       		.byte	0
 691 0021 03       		.uleb128 0x3
 692 0022 0E       		.uleb128 0xe
 693 0023 1C       		.uleb128 0x1c
 694 0024 0D       		.uleb128 0xd
 695 0025 00       		.byte	0
 696 0026 00       		.byte	0
 697 0027 04       		.uleb128 0x4
 698 0028 28       		.uleb128 0x28
 699 0029 00       		.byte	0
 700 002a 03       		.uleb128 0x3
 701 002b 0E       		.uleb128 0xe
 702 002c 1C       		.uleb128 0x1c
 703 002d 0B       		.uleb128 0xb
 704 002e 00       		.byte	0
 705 002f 00       		.byte	0
 706 0030 05       		.uleb128 0x5
 707 0031 24       		.uleb128 0x24
 708 0032 00       		.byte	0
 709 0033 0B       		.uleb128 0xb
 710 0034 0B       		.uleb128 0xb
 711 0035 3E       		.uleb128 0x3e
 712 0036 0B       		.uleb128 0xb
 713 0037 03       		.uleb128 0x3
 714 0038 0E       		.uleb128 0xe
 715 0039 00       		.byte	0
 716 003a 00       		.byte	0
 717 003b 06       		.uleb128 0x6
 718 003c 16       		.uleb128 0x16
 719 003d 00       		.byte	0
 720 003e 03       		.uleb128 0x3
 721 003f 0E       		.uleb128 0xe
 722 0040 3A       		.uleb128 0x3a
 723 0041 0B       		.uleb128 0xb
 724 0042 3B       		.uleb128 0x3b
 725 0043 0B       		.uleb128 0xb
 726 0044 49       		.uleb128 0x49
 727 0045 13       		.uleb128 0x13
 728 0046 00       		.byte	0
 729 0047 00       		.byte	0
 730 0048 07       		.uleb128 0x7
 731 0049 24       		.uleb128 0x24
 732 004a 00       		.byte	0
 733 004b 0B       		.uleb128 0xb
 734 004c 0B       		.uleb128 0xb
 735 004d 3E       		.uleb128 0x3e
 736 004e 0B       		.uleb128 0xb
 737 004f 03       		.uleb128 0x3
 738 0050 08       		.uleb128 0x8
 739 0051 00       		.byte	0
 740 0052 00       		.byte	0
 741 0053 08       		.uleb128 0x8
ARM GAS  C:\Users\boehm\AppData\Local\Temp\ccGz05Mk.s 			page 14


 742 0054 13       		.uleb128 0x13
 743 0055 01       		.byte	0x1
 744 0056 0B       		.uleb128 0xb
 745 0057 0B       		.uleb128 0xb
 746 0058 3A       		.uleb128 0x3a
 747 0059 0B       		.uleb128 0xb
 748 005a 3B       		.uleb128 0x3b
 749 005b 0B       		.uleb128 0xb
 750 005c 01       		.uleb128 0x1
 751 005d 13       		.uleb128 0x13
 752 005e 00       		.byte	0
 753 005f 00       		.byte	0
 754 0060 09       		.uleb128 0x9
 755 0061 0D       		.uleb128 0xd
 756 0062 00       		.byte	0
 757 0063 03       		.uleb128 0x3
 758 0064 0E       		.uleb128 0xe
 759 0065 3A       		.uleb128 0x3a
 760 0066 0B       		.uleb128 0xb
 761 0067 3B       		.uleb128 0x3b
 762 0068 0B       		.uleb128 0xb
 763 0069 49       		.uleb128 0x49
 764 006a 13       		.uleb128 0x13
 765 006b 38       		.uleb128 0x38
 766 006c 0B       		.uleb128 0xb
 767 006d 00       		.byte	0
 768 006e 00       		.byte	0
 769 006f 0A       		.uleb128 0xa
 770 0070 34       		.uleb128 0x34
 771 0071 00       		.byte	0
 772 0072 03       		.uleb128 0x3
 773 0073 0E       		.uleb128 0xe
 774 0074 3A       		.uleb128 0x3a
 775 0075 0B       		.uleb128 0xb
 776 0076 3B       		.uleb128 0x3b
 777 0077 05       		.uleb128 0x5
 778 0078 49       		.uleb128 0x49
 779 0079 13       		.uleb128 0x13
 780 007a 3F       		.uleb128 0x3f
 781 007b 19       		.uleb128 0x19
 782 007c 3C       		.uleb128 0x3c
 783 007d 19       		.uleb128 0x19
 784 007e 00       		.byte	0
 785 007f 00       		.byte	0
 786 0080 0B       		.uleb128 0xb
 787 0081 35       		.uleb128 0x35
 788 0082 00       		.byte	0
 789 0083 49       		.uleb128 0x49
 790 0084 13       		.uleb128 0x13
 791 0085 00       		.byte	0
 792 0086 00       		.byte	0
 793 0087 0C       		.uleb128 0xc
 794 0088 34       		.uleb128 0x34
 795 0089 00       		.byte	0
 796 008a 03       		.uleb128 0x3
 797 008b 0E       		.uleb128 0xe
 798 008c 3A       		.uleb128 0x3a
ARM GAS  C:\Users\boehm\AppData\Local\Temp\ccGz05Mk.s 			page 15


 799 008d 0B       		.uleb128 0xb
 800 008e 3B       		.uleb128 0x3b
 801 008f 0B       		.uleb128 0xb
 802 0090 49       		.uleb128 0x49
 803 0091 13       		.uleb128 0x13
 804 0092 3F       		.uleb128 0x3f
 805 0093 19       		.uleb128 0x19
 806 0094 02       		.uleb128 0x2
 807 0095 18       		.uleb128 0x18
 808 0096 00       		.byte	0
 809 0097 00       		.byte	0
 810 0098 0D       		.uleb128 0xd
 811 0099 26       		.uleb128 0x26
 812 009a 00       		.byte	0
 813 009b 49       		.uleb128 0x49
 814 009c 13       		.uleb128 0x13
 815 009d 00       		.byte	0
 816 009e 00       		.byte	0
 817 009f 00       		.byte	0
 818              		.section	.debug_aranges,"",%progbits
 819 0000 14000000 		.4byte	0x14
 820 0004 0200     		.2byte	0x2
 821 0006 00000000 		.4byte	.Ldebug_info0
 822 000a 04       		.byte	0x4
 823 000b 00       		.byte	0
 824 000c 0000     		.2byte	0
 825 000e 0000     		.2byte	0
 826 0010 00000000 		.4byte	0
 827 0014 00000000 		.4byte	0
 828              		.section	.debug_line,"",%progbits
 829              	.Ldebug_line0:
 830 0000 10020000 		.section	.debug_str,"MS",%progbits,1
 830      02000A02 
 830      00000201 
 830      FB0E0D00 
 830      01010101 
 831              	.LASF123:
 832 0000 74637077 		.ascii	"tcpwm_1_interrupts_15_IRQn\000"
 832      6D5F315F 
 832      696E7465 
 832      72727570 
 832      74735F31 
 833              	.LASF184:
 834 001b 433A5C55 		.ascii	"C:\\Users\\boehm\\OneDrive\\Dokumente\\PSoC Creator"
 834      73657273 
 834      5C626F65 
 834      686D5C4F 
 834      6E654472 
 835 0049 5C342E32 		.ascii	"\\4.2\\Projekt_Sensordatenerfassung\\BLE_Kommunikat"
 835      5C50726F 
 835      6A656B74 
 835      5F53656E 
 835      736F7264 
 836 0079 696F6E2E 		.ascii	"ion.cydsn\000"
 836      63796473 
 836      6E00
 837              	.LASF12:
ARM GAS  C:\Users\boehm\AppData\Local\Temp\ccGz05Mk.s 			page 16


 838 0083 696F7373 		.ascii	"ioss_interrupts_gpio_2_IRQn\000"
 838      5F696E74 
 838      65727275 
 838      7074735F 
 838      6770696F 
 839              	.LASF56:
 840 009f 7363625F 		.ascii	"scb_5_interrupt_IRQn\000"
 840      355F696E 
 840      74657272 
 840      7570745F 
 840      4952516E 
 841              	.LASF104:
 842 00b4 74637077 		.ascii	"tcpwm_0_interrupts_4_IRQn\000"
 842      6D5F305F 
 842      696E7465 
 842      72727570 
 842      74735F34 
 843              	.LASF32:
 844 00ce 73727373 		.ascii	"srss_interrupt_IRQn\000"
 844      5F696E74 
 844      65727275 
 844      70745F49 
 844      52516E00 
 845              	.LASF28:
 846 00e2 7363625F 		.ascii	"scb_8_interrupt_IRQn\000"
 846      385F696E 
 846      74657272 
 846      7570745F 
 846      4952516E 
 847              	.LASF61:
 848 00f7 63707573 		.ascii	"cpuss_interrupts_dw0_1_IRQn\000"
 848      735F696E 
 848      74657272 
 848      75707473 
 848      5F647730 
 849              	.LASF144:
 850 0113 7564625F 		.ascii	"udb_interrupts_12_IRQn\000"
 850      696E7465 
 850      72727570 
 850      74735F31 
 850      325F4952 
 851              	.LASF34:
 852 012a 626C6573 		.ascii	"bless_interrupt_IRQn\000"
 852      735F696E 
 852      74657272 
 852      7570745F 
 852      4952516E 
 853              	.LASF133:
 854 013f 7564625F 		.ascii	"udb_interrupts_1_IRQn\000"
 854      696E7465 
 854      72727570 
 854      74735F31 
 854      5F495251 
 855              	.LASF51:
 856 0155 7363625F 		.ascii	"scb_0_interrupt_IRQn\000"
 856      305F696E 
 856      74657272 
ARM GAS  C:\Users\boehm\AppData\Local\Temp\ccGz05Mk.s 			page 17


 856      7570745F 
 856      4952516E 
 857              	.LASF116:
 858 016a 74637077 		.ascii	"tcpwm_1_interrupts_8_IRQn\000"
 858      6D5F315F 
 858      696E7465 
 858      72727570 
 858      74735F38 
 859              	.LASF39:
 860 0184 63707573 		.ascii	"cpuss_interrupts_ipc_4_IRQn\000"
 860      735F696E 
 860      74657272 
 860      75707473 
 860      5F697063 
 861              	.LASF46:
 862 01a0 63707573 		.ascii	"cpuss_interrupts_ipc_11_IRQn\000"
 862      735F696E 
 862      74657272 
 862      75707473 
 862      5F697063 
 863              	.LASF132:
 864 01bd 7564625F 		.ascii	"udb_interrupts_0_IRQn\000"
 864      696E7465 
 864      72727570 
 864      74735F30 
 864      5F495251 
 865              	.LASF168:
 866 01d3 6C6F6E67 		.ascii	"long long unsigned int\000"
 866      206C6F6E 
 866      6720756E 
 866      7369676E 
 866      65642069 
 867              	.LASF155:
 868 01ea 7573625F 		.ascii	"usb_interrupt_lo_IRQn\000"
 868      696E7465 
 868      72727570 
 868      745F6C6F 
 868      5F495251 
 869              	.LASF118:
 870 0200 74637077 		.ascii	"tcpwm_1_interrupts_10_IRQn\000"
 870      6D5F315F 
 870      696E7465 
 870      72727570 
 870      74735F31 
 871              	.LASF10:
 872 021b 696F7373 		.ascii	"ioss_interrupts_gpio_0_IRQn\000"
 872      5F696E74 
 872      65727275 
 872      7074735F 
 872      6770696F 
 873              	.LASF97:
 874 0237 63707573 		.ascii	"cpuss_interrupts_cm0_cti_1_IRQn\000"
 874      735F696E 
 874      74657272 
 874      75707473 
 874      5F636D30 
 875              	.LASF19:
ARM GAS  C:\Users\boehm\AppData\Local\Temp\ccGz05Mk.s 			page 18


 876 0257 696F7373 		.ascii	"ioss_interrupts_gpio_9_IRQn\000"
 876      5F696E74 
 876      65727275 
 876      7074735F 
 876      6770696F 
 877              	.LASF156:
 878 0273 70617373 		.ascii	"pass_interrupt_dacs_IRQn\000"
 878      5F696E74 
 878      65727275 
 878      70745F64 
 878      6163735F 
 879              	.LASF138:
 880 028c 7564625F 		.ascii	"udb_interrupts_6_IRQn\000"
 880      696E7465 
 880      72727570 
 880      74735F36 
 880      5F495251 
 881              	.LASF0:
 882 02a2 52657365 		.ascii	"Reset_IRQn\000"
 882      745F4952 
 882      516E00
 883              	.LASF124:
 884 02ad 74637077 		.ascii	"tcpwm_1_interrupts_16_IRQn\000"
 884      6D5F315F 
 884      696E7465 
 884      72727570 
 884      74735F31 
 885              	.LASF94:
 886 02c8 63707573 		.ascii	"cpuss_interrupt_crypto_IRQn\000"
 886      735F696E 
 886      74657272 
 886      7570745F 
 886      63727970 
 887              	.LASF167:
 888 02e4 6C6F6E67 		.ascii	"long long int\000"
 888      206C6F6E 
 888      6720696E 
 888      7400
 889              	.LASF159:
 890 02f2 7369676E 		.ascii	"signed char\000"
 890      65642063 
 890      68617200 
 891              	.LASF105:
 892 02fe 74637077 		.ascii	"tcpwm_0_interrupts_5_IRQn\000"
 892      6D5F305F 
 892      696E7465 
 892      72727570 
 892      74735F35 
 893              	.LASF85:
 894 0318 63707573 		.ascii	"cpuss_interrupts_dw1_9_IRQn\000"
 894      735F696E 
 894      74657272 
 894      75707473 
 894      5F647731 
 895              	.LASF62:
 896 0334 63707573 		.ascii	"cpuss_interrupts_dw0_2_IRQn\000"
 896      735F696E 
ARM GAS  C:\Users\boehm\AppData\Local\Temp\ccGz05Mk.s 			page 19


 896      74657272 
 896      75707473 
 896      5F647730 
 897              	.LASF145:
 898 0350 7564625F 		.ascii	"udb_interrupts_13_IRQn\000"
 898      696E7465 
 898      72727570 
 898      74735F31 
 898      335F4952 
 899              	.LASF27:
 900 0367 6C70636F 		.ascii	"lpcomp_interrupt_IRQn\000"
 900      6D705F69 
 900      6E746572 
 900      72757074 
 900      5F495251 
 901              	.LASF108:
 902 037d 74637077 		.ascii	"tcpwm_1_interrupts_0_IRQn\000"
 902      6D5F315F 
 902      696E7465 
 902      72727570 
 902      74735F30 
 903              	.LASF164:
 904 0397 6C6F6E67 		.ascii	"long int\000"
 904      20696E74 
 904      00
 905              	.LASF117:
 906 03a0 74637077 		.ascii	"tcpwm_1_interrupts_9_IRQn\000"
 906      6D5F315F 
 906      696E7465 
 906      72727570 
 906      74735F39 
 907              	.LASF40:
 908 03ba 63707573 		.ascii	"cpuss_interrupts_ipc_5_IRQn\000"
 908      735F696E 
 908      74657272 
 908      75707473 
 908      5F697063 
 909              	.LASF83:
 910 03d6 63707573 		.ascii	"cpuss_interrupts_dw1_7_IRQn\000"
 910      735F696E 
 910      74657272 
 910      75707473 
 910      5F647731 
 911              	.LASF47:
 912 03f2 63707573 		.ascii	"cpuss_interrupts_ipc_12_IRQn\000"
 912      735F696E 
 912      74657272 
 912      75707473 
 912      5F697063 
 913              	.LASF84:
 914 040f 63707573 		.ascii	"cpuss_interrupts_dw1_8_IRQn\000"
 914      735F696E 
 914      74657272 
 914      75707473 
 914      5F647731 
 915              	.LASF177:
 916 042b 696E7472 		.ascii	"intrSrc\000"
ARM GAS  C:\Users\boehm\AppData\Local\Temp\ccGz05Mk.s 			page 20


 916      53726300 
 917              	.LASF119:
 918 0433 74637077 		.ascii	"tcpwm_1_interrupts_11_IRQn\000"
 918      6D5F315F 
 918      696E7465 
 918      72727570 
 918      74735F31 
 919              	.LASF64:
 920 044e 63707573 		.ascii	"cpuss_interrupts_dw0_4_IRQn\000"
 920      735F696E 
 920      74657272 
 920      75707473 
 920      5F647730 
 921              	.LASF25:
 922 046a 696F7373 		.ascii	"ioss_interrupt_gpio_IRQn\000"
 922      5F696E74 
 922      65727275 
 922      70745F67 
 922      70696F5F 
 923              	.LASF29:
 924 0483 73727373 		.ascii	"srss_interrupt_mcwdt_0_IRQn\000"
 924      5F696E74 
 924      65727275 
 924      70745F6D 
 924      63776474 
 925              	.LASF176:
 926 049f 646F7562 		.ascii	"double\000"
 926      6C6500
 927              	.LASF149:
 928 04a6 61756469 		.ascii	"audioss_interrupt_i2s_IRQn\000"
 928      6F73735F 
 928      696E7465 
 928      72727570 
 928      745F6932 
 929              	.LASF66:
 930 04c1 63707573 		.ascii	"cpuss_interrupts_dw0_6_IRQn\000"
 930      735F696E 
 930      74657272 
 930      75707473 
 930      5F647730 
 931              	.LASF99:
 932 04dd 63707573 		.ascii	"cpuss_interrupts_cm4_cti_1_IRQn\000"
 932      735F696E 
 932      74657272 
 932      75707473 
 932      5F636D34 
 933              	.LASF58:
 934 04fd 7363625F 		.ascii	"scb_7_interrupt_IRQn\000"
 934      375F696E 
 934      74657272 
 934      7570745F 
 934      4952516E 
 935              	.LASF106:
 936 0512 74637077 		.ascii	"tcpwm_0_interrupts_6_IRQn\000"
 936      6D5F305F 
 936      696E7465 
 936      72727570 
ARM GAS  C:\Users\boehm\AppData\Local\Temp\ccGz05Mk.s 			page 21


 936      74735F36 
 937              	.LASF165:
 938 052c 5F5F7569 		.ascii	"__uint32_t\000"
 938      6E743332 
 938      5F7400
 939              	.LASF4:
 940 0537 42757346 		.ascii	"BusFault_IRQn\000"
 940      61756C74 
 940      5F495251 
 940      6E00
 941              	.LASF52:
 942 0545 7363625F 		.ascii	"scb_1_interrupt_IRQn\000"
 942      315F696E 
 942      74657272 
 942      7570745F 
 942      4952516E 
 943              	.LASF146:
 944 055a 7564625F 		.ascii	"udb_interrupts_14_IRQn\000"
 944      696E7465 
 944      72727570 
 944      74735F31 
 944      345F4952 
 945              	.LASF33:
 946 0571 70617373 		.ascii	"pass_interrupt_ctbs_IRQn\000"
 946      5F696E74 
 946      65727275 
 946      70745F63 
 946      7462735F 
 947              	.LASF53:
 948 058a 7363625F 		.ascii	"scb_2_interrupt_IRQn\000"
 948      325F696E 
 948      74657272 
 948      7570745F 
 948      4952516E 
 949              	.LASF74:
 950 059f 63707573 		.ascii	"cpuss_interrupts_dw0_14_IRQn\000"
 950      735F696E 
 950      74657272 
 950      75707473 
 950      5F647730 
 951              	.LASF15:
 952 05bc 696F7373 		.ascii	"ioss_interrupts_gpio_5_IRQn\000"
 952      5F696E74 
 952      65727275 
 952      7074735F 
 952      6770696F 
 953              	.LASF41:
 954 05d8 63707573 		.ascii	"cpuss_interrupts_ipc_6_IRQn\000"
 954      735F696E 
 954      74657272 
 954      75707473 
 954      5F697063 
 955              	.LASF134:
 956 05f4 7564625F 		.ascii	"udb_interrupts_2_IRQn\000"
 956      696E7465 
 956      72727570 
 956      74735F32 
ARM GAS  C:\Users\boehm\AppData\Local\Temp\ccGz05Mk.s 			page 22


 956      5F495251 
 957              	.LASF23:
 958 060a 696F7373 		.ascii	"ioss_interrupts_gpio_13_IRQn\000"
 958      5F696E74 
 958      65727275 
 958      7074735F 
 958      6770696F 
 959              	.LASF120:
 960 0627 74637077 		.ascii	"tcpwm_1_interrupts_12_IRQn\000"
 960      6D5F315F 
 960      696E7465 
 960      72727570 
 960      74735F31 
 961              	.LASF89:
 962 0642 63707573 		.ascii	"cpuss_interrupts_dw1_13_IRQn\000"
 962      735F696E 
 962      74657272 
 962      75707473 
 962      5F647731 
 963              	.LASF166:
 964 065f 6C6F6E67 		.ascii	"long unsigned int\000"
 964      20756E73 
 964      69676E65 
 964      6420696E 
 964      7400
 965              	.LASF30:
 966 0671 73727373 		.ascii	"srss_interrupt_mcwdt_1_IRQn\000"
 966      5F696E74 
 966      65727275 
 966      70745F6D 
 966      63776474 
 967              	.LASF101:
 968 068d 74637077 		.ascii	"tcpwm_0_interrupts_1_IRQn\000"
 968      6D5F305F 
 968      696E7465 
 968      72727570 
 968      74735F31 
 969              	.LASF154:
 970 06a7 7573625F 		.ascii	"usb_interrupt_med_IRQn\000"
 970      696E7465 
 970      72727570 
 970      745F6D65 
 970      645F4952 
 971              	.LASF92:
 972 06be 63707573 		.ascii	"cpuss_interrupts_fault_0_IRQn\000"
 972      735F696E 
 972      74657272 
 972      75707473 
 972      5F666175 
 973              	.LASF6:
 974 06dc 53564361 		.ascii	"SVCall_IRQn\000"
 974      6C6C5F49 
 974      52516E00 
 975              	.LASF161:
 976 06e8 73686F72 		.ascii	"short unsigned int\000"
 976      7420756E 
 976      7369676E 
ARM GAS  C:\Users\boehm\AppData\Local\Temp\ccGz05Mk.s 			page 23


 976      65642069 
 976      6E7400
 977              	.LASF113:
 978 06fb 74637077 		.ascii	"tcpwm_1_interrupts_5_IRQn\000"
 978      6D5F315F 
 978      696E7465 
 978      72727570 
 978      74735F35 
 979              	.LASF36:
 980 0715 63707573 		.ascii	"cpuss_interrupts_ipc_1_IRQn\000"
 980      735F696E 
 980      74657272 
 980      75707473 
 980      5F697063 
 981              	.LASF80:
 982 0731 63707573 		.ascii	"cpuss_interrupts_dw1_4_IRQn\000"
 982      735F696E 
 982      74657272 
 982      75707473 
 982      5F647731 
 983              	.LASF95:
 984 074d 63707573 		.ascii	"cpuss_interrupt_fm_IRQn\000"
 984      735F696E 
 984      74657272 
 984      7570745F 
 984      666D5F49 
 985              	.LASF75:
 986 0765 63707573 		.ascii	"cpuss_interrupts_dw0_15_IRQn\000"
 986      735F696E 
 986      74657272 
 986      75707473 
 986      5F647730 
 987              	.LASF16:
 988 0782 696F7373 		.ascii	"ioss_interrupts_gpio_6_IRQn\000"
 988      5F696E74 
 988      65727275 
 988      7074735F 
 988      6770696F 
 989              	.LASF135:
 990 079e 7564625F 		.ascii	"udb_interrupts_3_IRQn\000"
 990      696E7465 
 990      72727570 
 990      74735F33 
 990      5F495251 
 991              	.LASF24:
 992 07b4 696F7373 		.ascii	"ioss_interrupts_gpio_14_IRQn\000"
 992      5F696E74 
 992      65727275 
 992      7074735F 
 992      6770696F 
 993              	.LASF9:
 994 07d1 53797354 		.ascii	"SysTick_IRQn\000"
 994      69636B5F 
 994      4952516E 
 994      00
 995              	.LASF90:
 996 07de 63707573 		.ascii	"cpuss_interrupts_dw1_14_IRQn\000"
ARM GAS  C:\Users\boehm\AppData\Local\Temp\ccGz05Mk.s 			page 24


 996      735F696E 
 996      74657272 
 996      75707473 
 996      5F647731 
 997              	.LASF131:
 998 07fb 74637077 		.ascii	"tcpwm_1_interrupts_23_IRQn\000"
 998      6D5F315F 
 998      696E7465 
 998      72727570 
 998      74735F32 
 999              	.LASF102:
 1000 0816 74637077 		.ascii	"tcpwm_0_interrupts_2_IRQn\000"
 1000      6D5F305F 
 1000      696E7465 
 1000      72727570 
 1000      74735F32 
 1001              	.LASF121:
 1002 0830 74637077 		.ascii	"tcpwm_1_interrupts_13_IRQn\000"
 1002      6D5F315F 
 1002      696E7465 
 1002      72727570 
 1002      74735F31 
 1003              	.LASF93:
 1004 084b 63707573 		.ascii	"cpuss_interrupts_fault_1_IRQn\000"
 1004      735F696E 
 1004      74657272 
 1004      75707473 
 1004      5F666175 
 1005              	.LASF172:
 1006 0869 73697A65 		.ascii	"sizetype\000"
 1006      74797065 
 1006      00
 1007              	.LASF142:
 1008 0872 7564625F 		.ascii	"udb_interrupts_10_IRQn\000"
 1008      696E7465 
 1008      72727570 
 1008      74735F31 
 1008      305F4952 
 1009              	.LASF68:
 1010 0889 63707573 		.ascii	"cpuss_interrupts_dw0_8_IRQn\000"
 1010      735F696E 
 1010      74657272 
 1010      75707473 
 1010      5F647730 
 1011              	.LASF179:
 1012 08a5 63795F73 		.ascii	"cy_stc_sysint_t\000"
 1012      74635F73 
 1012      7973696E 
 1012      745F7400 
 1013              	.LASF70:
 1014 08b5 63707573 		.ascii	"cpuss_interrupts_dw0_10_IRQn\000"
 1014      735F696E 
 1014      74657272 
 1014      75707473 
 1014      5F647730 
 1015              	.LASF114:
 1016 08d2 74637077 		.ascii	"tcpwm_1_interrupts_6_IRQn\000"
ARM GAS  C:\Users\boehm\AppData\Local\Temp\ccGz05Mk.s 			page 25


 1016      6D5F315F 
 1016      696E7465 
 1016      72727570 
 1016      74735F36 
 1017              	.LASF37:
 1018 08ec 63707573 		.ascii	"cpuss_interrupts_ipc_2_IRQn\000"
 1018      735F696E 
 1018      74657272 
 1018      75707473 
 1018      5F697063 
 1019              	.LASF81:
 1020 0908 63707573 		.ascii	"cpuss_interrupts_dw1_5_IRQn\000"
 1020      735F696E 
 1020      74657272 
 1020      75707473 
 1020      5F647731 
 1021              	.LASF139:
 1022 0924 7564625F 		.ascii	"udb_interrupts_7_IRQn\000"
 1022      696E7465 
 1022      72727570 
 1022      74735F37 
 1022      5F495251 
 1023              	.LASF125:
 1024 093a 74637077 		.ascii	"tcpwm_1_interrupts_17_IRQn\000"
 1024      6D5F315F 
 1024      696E7465 
 1024      72727570 
 1024      74735F31 
 1025              	.LASF55:
 1026 0955 7363625F 		.ascii	"scb_4_interrupt_IRQn\000"
 1026      345F696E 
 1026      74657272 
 1026      7570745F 
 1026      4952516E 
 1027              	.LASF17:
 1028 096a 696F7373 		.ascii	"ioss_interrupts_gpio_7_IRQn\000"
 1028      5F696E74 
 1028      65727275 
 1028      7074735F 
 1028      6770696F 
 1029              	.LASF73:
 1030 0986 63707573 		.ascii	"cpuss_interrupts_dw0_13_IRQn\000"
 1030      735F696E 
 1030      74657272 
 1030      75707473 
 1030      5F647730 
 1031              	.LASF182:
 1032 09a3 474E5520 		.ascii	"GNU C11 5.4.1 20160609 (release) [ARM/embedded-5-br"
 1032      43313120 
 1032      352E342E 
 1032      31203230 
 1032      31363036 
 1033 09d6 616E6368 		.ascii	"anch revision 237715] -mcpu=cortex-m4 -mfloat-abi=s"
 1033      20726576 
 1033      6973696F 
 1033      6E203233 
 1033      37373135 
ARM GAS  C:\Users\boehm\AppData\Local\Temp\ccGz05Mk.s 			page 26


 1034 0a09 6F667466 		.ascii	"oftfp -mfpu=fpv4-sp-d16 -mthumb -g -Og -ffunction-s"
 1034      70202D6D 
 1034      6670753D 
 1034      66707634 
 1034      2D73702D 
 1035 0a3c 65637469 		.ascii	"ections -ffat-lto-objects\000"
 1035      6F6E7320 
 1035      2D666661 
 1035      742D6C74 
 1035      6F2D6F62 
 1036              	.LASF91:
 1037 0a56 63707573 		.ascii	"cpuss_interrupts_dw1_15_IRQn\000"
 1037      735F696E 
 1037      74657272 
 1037      75707473 
 1037      5F647731 
 1038              	.LASF153:
 1039 0a73 7573625F 		.ascii	"usb_interrupt_hi_IRQn\000"
 1039      696E7465 
 1039      72727570 
 1039      745F6869 
 1039      5F495251 
 1040              	.LASF175:
 1041 0a89 666C6F61 		.ascii	"float\000"
 1041      7400
 1042              	.LASF63:
 1043 0a8f 63707573 		.ascii	"cpuss_interrupts_dw0_3_IRQn\000"
 1043      735F696E 
 1043      74657272 
 1043      75707473 
 1043      5F647730 
 1044              	.LASF21:
 1045 0aab 696F7373 		.ascii	"ioss_interrupts_gpio_11_IRQn\000"
 1045      5F696E74 
 1045      65727275 
 1045      7074735F 
 1045      6770696F 
 1046              	.LASF3:
 1047 0ac8 4D656D6F 		.ascii	"MemoryManagement_IRQn\000"
 1047      72794D61 
 1047      6E616765 
 1047      6D656E74 
 1047      5F495251 
 1048              	.LASF103:
 1049 0ade 74637077 		.ascii	"tcpwm_0_interrupts_3_IRQn\000"
 1049      6D5F305F 
 1049      696E7465 
 1049      72727570 
 1049      74735F33 
 1050              	.LASF128:
 1051 0af8 74637077 		.ascii	"tcpwm_1_interrupts_20_IRQn\000"
 1051      6D5F315F 
 1051      696E7465 
 1051      72727570 
 1051      74735F32 
 1052              	.LASF109:
 1053 0b13 74637077 		.ascii	"tcpwm_1_interrupts_1_IRQn\000"
ARM GAS  C:\Users\boehm\AppData\Local\Temp\ccGz05Mk.s 			page 27


 1053      6D5F315F 
 1053      696E7465 
 1053      72727570 
 1053      74735F31 
 1054              	.LASF76:
 1055 0b2d 63707573 		.ascii	"cpuss_interrupts_dw1_0_IRQn\000"
 1055      735F696E 
 1055      74657272 
 1055      75707473 
 1055      5F647731 
 1056              	.LASF143:
 1057 0b49 7564625F 		.ascii	"udb_interrupts_11_IRQn\000"
 1057      696E7465 
 1057      72727570 
 1057      74735F31 
 1057      315F4952 
 1058              	.LASF69:
 1059 0b60 63707573 		.ascii	"cpuss_interrupts_dw0_9_IRQn\000"
 1059      735F696E 
 1059      74657272 
 1059      75707473 
 1059      5F647730 
 1060              	.LASF170:
 1061 0b7c 696E7433 		.ascii	"int32_t\000"
 1061      325F7400 
 1062              	.LASF160:
 1063 0b84 756E7369 		.ascii	"unsigned char\000"
 1063      676E6564 
 1063      20636861 
 1063      7200
 1064              	.LASF71:
 1065 0b92 63707573 		.ascii	"cpuss_interrupts_dw0_11_IRQn\000"
 1065      735F696E 
 1065      74657272 
 1065      75707473 
 1065      5F647730 
 1066              	.LASF115:
 1067 0baf 74637077 		.ascii	"tcpwm_1_interrupts_7_IRQn\000"
 1067      6D5F315F 
 1067      696E7465 
 1067      72727570 
 1067      74735F37 
 1068              	.LASF38:
 1069 0bc9 63707573 		.ascii	"cpuss_interrupts_ipc_3_IRQn\000"
 1069      735F696E 
 1069      74657272 
 1069      75707473 
 1069      5F697063 
 1070              	.LASF180:
 1071 0be5 49544D5F 		.ascii	"ITM_RxBuffer\000"
 1071      52784275 
 1071      66666572 
 1071      00
 1072              	.LASF169:
 1073 0bf2 756E7369 		.ascii	"unsigned int\000"
 1073      676E6564 
 1073      20696E74 
ARM GAS  C:\Users\boehm\AppData\Local\Temp\ccGz05Mk.s 			page 28


 1073      00
 1074              	.LASF20:
 1075 0bff 696F7373 		.ascii	"ioss_interrupts_gpio_10_IRQn\000"
 1075      5F696E74 
 1075      65727275 
 1075      7074735F 
 1075      6770696F 
 1076              	.LASF140:
 1077 0c1c 7564625F 		.ascii	"udb_interrupts_8_IRQn\000"
 1077      696E7465 
 1077      72727570 
 1077      74735F38 
 1077      5F495251 
 1078              	.LASF157:
 1079 0c32 756E636F 		.ascii	"unconnected_IRQn\000"
 1079      6E6E6563 
 1079      7465645F 
 1079      4952516E 
 1079      00
 1080              	.LASF158:
 1081 0c43 73686F72 		.ascii	"short int\000"
 1081      7420696E 
 1081      7400
 1082              	.LASF98:
 1083 0c4d 63707573 		.ascii	"cpuss_interrupts_cm4_cti_0_IRQn\000"
 1083      735F696E 
 1083      74657272 
 1083      75707473 
 1083      5F636D34 
 1084              	.LASF126:
 1085 0c6d 74637077 		.ascii	"tcpwm_1_interrupts_18_IRQn\000"
 1085      6D5F315F 
 1085      696E7465 
 1085      72727570 
 1085      74735F31 
 1086              	.LASF79:
 1087 0c88 63707573 		.ascii	"cpuss_interrupts_dw1_3_IRQn\000"
 1087      735F696E 
 1087      74657272 
 1087      75707473 
 1087      5F647731 
 1088              	.LASF107:
 1089 0ca4 74637077 		.ascii	"tcpwm_0_interrupts_7_IRQn\000"
 1089      6D5F305F 
 1089      696E7465 
 1089      72727570 
 1089      74735F37 
 1090              	.LASF181:
 1091 0cbe 6973725F 		.ascii	"isr_LED_cfg\000"
 1091      4C45445F 
 1091      63666700 
 1092              	.LASF87:
 1093 0cca 63707573 		.ascii	"cpuss_interrupts_dw1_11_IRQn\000"
 1093      735F696E 
 1093      74657272 
 1093      75707473 
 1093      5F647731 
ARM GAS  C:\Users\boehm\AppData\Local\Temp\ccGz05Mk.s 			page 29


 1094              	.LASF147:
 1095 0ce7 7564625F 		.ascii	"udb_interrupts_15_IRQn\000"
 1095      696E7465 
 1095      72727570 
 1095      74735F31 
 1095      355F4952 
 1096              	.LASF162:
 1097 0cfe 4952516E 		.ascii	"IRQn_Type\000"
 1097      5F547970 
 1097      6500
 1098              	.LASF129:
 1099 0d08 74637077 		.ascii	"tcpwm_1_interrupts_21_IRQn\000"
 1099      6D5F315F 
 1099      696E7465 
 1099      72727570 
 1099      74735F32 
 1100              	.LASF171:
 1101 0d23 75696E74 		.ascii	"uint32_t\000"
 1101      33325F74 
 1101      00
 1102              	.LASF110:
 1103 0d2c 74637077 		.ascii	"tcpwm_1_interrupts_2_IRQn\000"
 1103      6D5F315F 
 1103      696E7465 
 1103      72727570 
 1103      74735F32 
 1104              	.LASF5:
 1105 0d46 55736167 		.ascii	"UsageFault_IRQn\000"
 1105      65466175 
 1105      6C745F49 
 1105      52516E00 
 1106              	.LASF42:
 1107 0d56 63707573 		.ascii	"cpuss_interrupts_ipc_7_IRQn\000"
 1107      735F696E 
 1107      74657272 
 1107      75707473 
 1107      5F697063 
 1108              	.LASF77:
 1109 0d72 63707573 		.ascii	"cpuss_interrupts_dw1_1_IRQn\000"
 1109      735F696E 
 1109      74657272 
 1109      75707473 
 1109      5F647731 
 1110              	.LASF49:
 1111 0d8e 63707573 		.ascii	"cpuss_interrupts_ipc_14_IRQn\000"
 1111      735F696E 
 1111      74657272 
 1111      75707473 
 1111      5F697063 
 1112              	.LASF150:
 1113 0dab 61756469 		.ascii	"audioss_interrupt_pdm_IRQn\000"
 1113      6F73735F 
 1113      696E7465 
 1113      72727570 
 1113      745F7064 
 1114              	.LASF173:
 1115 0dc6 6C6F6E67 		.ascii	"long double\000"
ARM GAS  C:\Users\boehm\AppData\Local\Temp\ccGz05Mk.s 			page 30


 1115      20646F75 
 1115      626C6500 
 1116              	.LASF174:
 1117 0dd2 63686172 		.ascii	"char\000"
 1117      00
 1118              	.LASF183:
 1119 0dd7 47656E65 		.ascii	"Generated_Source\\PSoC6\\cyfitter_sysint_cfg.c\000"
 1119      72617465 
 1119      645F536F 
 1119      75726365 
 1119      5C50536F 
 1120              	.LASF72:
 1121 0e04 63707573 		.ascii	"cpuss_interrupts_dw0_12_IRQn\000"
 1121      735F696E 
 1121      74657272 
 1121      75707473 
 1121      5F647730 
 1122              	.LASF13:
 1123 0e21 696F7373 		.ascii	"ioss_interrupts_gpio_3_IRQn\000"
 1123      5F696E74 
 1123      65727275 
 1123      7074735F 
 1123      6770696F 
 1124              	.LASF148:
 1125 0e3d 70617373 		.ascii	"pass_interrupt_sar_IRQn\000"
 1125      5F696E74 
 1125      65727275 
 1125      70745F73 
 1125      61725F49 
 1126              	.LASF8:
 1127 0e55 50656E64 		.ascii	"PendSV_IRQn\000"
 1127      53565F49 
 1127      52516E00 
 1128              	.LASF54:
 1129 0e61 7363625F 		.ascii	"scb_3_interrupt_IRQn\000"
 1129      335F696E 
 1129      74657272 
 1129      7570745F 
 1129      4952516E 
 1130              	.LASF141:
 1131 0e76 7564625F 		.ascii	"udb_interrupts_9_IRQn\000"
 1131      696E7465 
 1131      72727570 
 1131      74735F39 
 1131      5F495251 
 1132              	.LASF1:
 1133 0e8c 4E6F6E4D 		.ascii	"NonMaskableInt_IRQn\000"
 1133      61736B61 
 1133      626C6549 
 1133      6E745F49 
 1133      52516E00 
 1134              	.LASF163:
 1135 0ea0 5F5F696E 		.ascii	"__int32_t\000"
 1135      7433325F 
 1135      7400
 1136              	.LASF127:
 1137 0eaa 74637077 		.ascii	"tcpwm_1_interrupts_19_IRQn\000"
ARM GAS  C:\Users\boehm\AppData\Local\Temp\ccGz05Mk.s 			page 31


 1137      6D5F315F 
 1137      696E7465 
 1137      72727570 
 1137      74735F31 
 1138              	.LASF57:
 1139 0ec5 7363625F 		.ascii	"scb_6_interrupt_IRQn\000"
 1139      365F696E 
 1139      74657272 
 1139      7570745F 
 1139      4952516E 
 1140              	.LASF11:
 1141 0eda 696F7373 		.ascii	"ioss_interrupts_gpio_1_IRQn\000"
 1141      5F696E74 
 1141      65727275 
 1141      7074735F 
 1141      6770696F 
 1142              	.LASF2:
 1143 0ef6 48617264 		.ascii	"HardFault_IRQn\000"
 1143      4661756C 
 1143      745F4952 
 1143      516E00
 1144              	.LASF65:
 1145 0f05 63707573 		.ascii	"cpuss_interrupts_dw0_5_IRQn\000"
 1145      735F696E 
 1145      74657272 
 1145      75707473 
 1145      5F647730 
 1146              	.LASF7:
 1147 0f21 44656275 		.ascii	"DebugMonitor_IRQn\000"
 1147      674D6F6E 
 1147      69746F72 
 1147      5F495251 
 1147      6E00
 1148              	.LASF59:
 1149 0f33 6373645F 		.ascii	"csd_interrupt_IRQn\000"
 1149      696E7465 
 1149      72727570 
 1149      745F4952 
 1149      516E00
 1150              	.LASF35:
 1151 0f46 63707573 		.ascii	"cpuss_interrupts_ipc_0_IRQn\000"
 1151      735F696E 
 1151      74657272 
 1151      75707473 
 1151      5F697063 
 1152              	.LASF130:
 1153 0f62 74637077 		.ascii	"tcpwm_1_interrupts_22_IRQn\000"
 1153      6D5F315F 
 1153      696E7465 
 1153      72727570 
 1153      74735F32 
 1154              	.LASF111:
 1155 0f7d 74637077 		.ascii	"tcpwm_1_interrupts_3_IRQn\000"
 1155      6D5F315F 
 1155      696E7465 
 1155      72727570 
 1155      74735F33 
ARM GAS  C:\Users\boehm\AppData\Local\Temp\ccGz05Mk.s 			page 32


 1156              	.LASF43:
 1157 0f97 63707573 		.ascii	"cpuss_interrupts_ipc_8_IRQn\000"
 1157      735F696E 
 1157      74657272 
 1157      75707473 
 1157      5F697063 
 1158              	.LASF78:
 1159 0fb3 63707573 		.ascii	"cpuss_interrupts_dw1_2_IRQn\000"
 1159      735F696E 
 1159      74657272 
 1159      75707473 
 1159      5F647731 
 1160              	.LASF50:
 1161 0fcf 63707573 		.ascii	"cpuss_interrupts_ipc_15_IRQn\000"
 1161      735F696E 
 1161      74657272 
 1161      75707473 
 1161      5F697063 
 1162              	.LASF136:
 1163 0fec 7564625F 		.ascii	"udb_interrupts_4_IRQn\000"
 1163      696E7465 
 1163      72727570 
 1163      74735F34 
 1163      5F495251 
 1164              	.LASF122:
 1165 1002 74637077 		.ascii	"tcpwm_1_interrupts_14_IRQn\000"
 1165      6D5F315F 
 1165      696E7465 
 1165      72727570 
 1165      74735F31 
 1166              	.LASF14:
 1167 101d 696F7373 		.ascii	"ioss_interrupts_gpio_4_IRQn\000"
 1167      5F696E74 
 1167      65727275 
 1167      7074735F 
 1167      6770696F 
 1168              	.LASF152:
 1169 1039 736D6966 		.ascii	"smif_interrupt_IRQn\000"
 1169      5F696E74 
 1169      65727275 
 1169      70745F49 
 1169      52516E00 
 1170              	.LASF22:
 1171 104d 696F7373 		.ascii	"ioss_interrupts_gpio_12_IRQn\000"
 1171      5F696E74 
 1171      65727275 
 1171      7074735F 
 1171      6770696F 
 1172              	.LASF151:
 1173 106a 70726F66 		.ascii	"profile_interrupt_IRQn\000"
 1173      696C655F 
 1173      696E7465 
 1173      72727570 
 1173      745F4952 
 1174              	.LASF88:
 1175 1081 63707573 		.ascii	"cpuss_interrupts_dw1_12_IRQn\000"
 1175      735F696E 
ARM GAS  C:\Users\boehm\AppData\Local\Temp\ccGz05Mk.s 			page 33


 1175      74657272 
 1175      75707473 
 1175      5F647731 
 1176              	.LASF60:
 1177 109e 63707573 		.ascii	"cpuss_interrupts_dw0_0_IRQn\000"
 1177      735F696E 
 1177      74657272 
 1177      75707473 
 1177      5F647730 
 1178              	.LASF26:
 1179 10ba 696F7373 		.ascii	"ioss_interrupt_vdd_IRQn\000"
 1179      5F696E74 
 1179      65727275 
 1179      70745F76 
 1179      64645F49 
 1180              	.LASF100:
 1181 10d2 74637077 		.ascii	"tcpwm_0_interrupts_0_IRQn\000"
 1181      6D5F305F 
 1181      696E7465 
 1181      72727570 
 1181      74735F30 
 1182              	.LASF86:
 1183 10ec 63707573 		.ascii	"cpuss_interrupts_dw1_10_IRQn\000"
 1183      735F696E 
 1183      74657272 
 1183      75707473 
 1183      5F647731 
 1184              	.LASF31:
 1185 1109 73727373 		.ascii	"srss_interrupt_backup_IRQn\000"
 1185      5F696E74 
 1185      65727275 
 1185      70745F62 
 1185      61636B75 
 1186              	.LASF45:
 1187 1124 63707573 		.ascii	"cpuss_interrupts_ipc_10_IRQn\000"
 1187      735F696E 
 1187      74657272 
 1187      75707473 
 1187      5F697063 
 1188              	.LASF82:
 1189 1141 63707573 		.ascii	"cpuss_interrupts_dw1_6_IRQn\000"
 1189      735F696E 
 1189      74657272 
 1189      75707473 
 1189      5F647731 
 1190              	.LASF67:
 1191 115d 63707573 		.ascii	"cpuss_interrupts_dw0_7_IRQn\000"
 1191      735F696E 
 1191      74657272 
 1191      75707473 
 1191      5F647730 
 1192              	.LASF178:
 1193 1179 696E7472 		.ascii	"intrPriority\000"
 1193      5072696F 
 1193      72697479 
 1193      00
 1194              	.LASF112:
ARM GAS  C:\Users\boehm\AppData\Local\Temp\ccGz05Mk.s 			page 34


 1195 1186 74637077 		.ascii	"tcpwm_1_interrupts_4_IRQn\000"
 1195      6D5F315F 
 1195      696E7465 
 1195      72727570 
 1195      74735F34 
 1196              	.LASF96:
 1197 11a0 63707573 		.ascii	"cpuss_interrupts_cm0_cti_0_IRQn\000"
 1197      735F696E 
 1197      74657272 
 1197      75707473 
 1197      5F636D30 
 1198              	.LASF18:
 1199 11c0 696F7373 		.ascii	"ioss_interrupts_gpio_8_IRQn\000"
 1199      5F696E74 
 1199      65727275 
 1199      7074735F 
 1199      6770696F 
 1200              	.LASF44:
 1201 11dc 63707573 		.ascii	"cpuss_interrupts_ipc_9_IRQn\000"
 1201      735F696E 
 1201      74657272 
 1201      75707473 
 1201      5F697063 
 1202              	.LASF137:
 1203 11f8 7564625F 		.ascii	"udb_interrupts_5_IRQn\000"
 1203      696E7465 
 1203      72727570 
 1203      74735F35 
 1203      5F495251 
 1204              	.LASF48:
 1205 120e 63707573 		.ascii	"cpuss_interrupts_ipc_13_IRQn\000"
 1205      735F696E 
 1205      74657272 
 1205      75707473 
 1205      5F697063 
 1206              		.ident	"GCC: (GNU Tools for ARM Embedded Processors) 5.4.1 20160609 (release) [ARM/embedded-5-bran
