ARM GAS  C:\Users\boehm\AppData\Local\Temp\cceCvhoN.s 			page 1


   1              		.syntax unified
   2              		.cpu cortex-m4
   3              		.eabi_attribute 27, 1
   4              		.fpu fpv4-sp-d16
   5              		.eabi_attribute 20, 1
   6              		.eabi_attribute 21, 1
   7              		.eabi_attribute 23, 3
   8              		.eabi_attribute 24, 1
   9              		.eabi_attribute 25, 1
  10              		.eabi_attribute 26, 1
  11              		.eabi_attribute 30, 1
  12              		.eabi_attribute 34, 1
  13              		.eabi_attribute 18, 4
  14              		.thumb
  15              		.syntax unified
  16              		.file	"main_cm4.c"
  17              		.text
  18              	.Ltext0:
  19              		.cfi_sections	.debug_frame
  20              		.section	.text.main,"ax",%progbits
  21              		.align	2
  22              		.global	main
  23              		.thumb
  24              		.thumb_func
  25              		.type	main, %function
  26              	main:
  27              	.LFB376:
  28              		.file 1 "main_cm4.c"
   1:main_cm4.c    **** /* ========================================
   2:main_cm4.c    ****  *
   3:main_cm4.c    ****  * Copyright YOUR COMPANY, THE YEAR
   4:main_cm4.c    ****  * All Rights Reserved
   5:main_cm4.c    ****  * UNPUBLISHED, LICENSED SOFTWARE.
   6:main_cm4.c    ****  *
   7:main_cm4.c    ****  * CONFIDENTIAL AND PROPRIETARY INFORMATION
   8:main_cm4.c    ****  * WHICH IS THE PROPERTY OF your company.
   9:main_cm4.c    ****  *
  10:main_cm4.c    ****  * ========================================
  11:main_cm4.c    **** */
  12:main_cm4.c    **** #include "project.h"
  13:main_cm4.c    **** #include "ble_application.h"
  14:main_cm4.c    **** #include "interrupt.h"
  15:main_cm4.c    **** 
  16:main_cm4.c    **** int main(void)
  17:main_cm4.c    **** {
  29              		.loc 1 17 0
  30              		.cfi_startproc
  31              		@ Volatile: function does not return.
  32              		@ args = 0, pretend = 0, frame = 0
  33              		@ frame_needed = 0, uses_anonymous_args = 0
  34 0000 08B5     		push	{r3, lr}
  35              		.cfi_def_cfa_offset 8
  36              		.cfi_offset 3, -8
  37              		.cfi_offset 14, -4
  38              	.LBB4:
  39              	.LBB5:
  40              		.file 2 "Generated_Source\\PSoC6\\pdl\\cmsis/include/cmsis_gcc.h"
ARM GAS  C:\Users\boehm\AppData\Local\Temp\cceCvhoN.s 			page 2


   1:Generated_Source\PSoC6\pdl\cmsis/include/cmsis_gcc.h **** /**************************************************************************//**
   2:Generated_Source\PSoC6\pdl\cmsis/include/cmsis_gcc.h ****  * @file     cmsis_gcc.h
   3:Generated_Source\PSoC6\pdl\cmsis/include/cmsis_gcc.h ****  * @brief    CMSIS compiler GCC header file
   4:Generated_Source\PSoC6\pdl\cmsis/include/cmsis_gcc.h ****  * @version  V5.0.1
   5:Generated_Source\PSoC6\pdl\cmsis/include/cmsis_gcc.h ****  * @date     02. February 2017
   6:Generated_Source\PSoC6\pdl\cmsis/include/cmsis_gcc.h ****  ******************************************************************************/
   7:Generated_Source\PSoC6\pdl\cmsis/include/cmsis_gcc.h **** /*
   8:Generated_Source\PSoC6\pdl\cmsis/include/cmsis_gcc.h ****  * Copyright (c) 2009-2017 ARM Limited. All rights reserved.
   9:Generated_Source\PSoC6\pdl\cmsis/include/cmsis_gcc.h ****  *
  10:Generated_Source\PSoC6\pdl\cmsis/include/cmsis_gcc.h ****  * SPDX-License-Identifier: Apache-2.0
  11:Generated_Source\PSoC6\pdl\cmsis/include/cmsis_gcc.h ****  *
  12:Generated_Source\PSoC6\pdl\cmsis/include/cmsis_gcc.h ****  * Licensed under the Apache License, Version 2.0 (the License); you may
  13:Generated_Source\PSoC6\pdl\cmsis/include/cmsis_gcc.h ****  * not use this file except in compliance with the License.
  14:Generated_Source\PSoC6\pdl\cmsis/include/cmsis_gcc.h ****  * You may obtain a copy of the License at
  15:Generated_Source\PSoC6\pdl\cmsis/include/cmsis_gcc.h ****  *
  16:Generated_Source\PSoC6\pdl\cmsis/include/cmsis_gcc.h ****  * www.apache.org/licenses/LICENSE-2.0
  17:Generated_Source\PSoC6\pdl\cmsis/include/cmsis_gcc.h ****  *
  18:Generated_Source\PSoC6\pdl\cmsis/include/cmsis_gcc.h ****  * Unless required by applicable law or agreed to in writing, software
  19:Generated_Source\PSoC6\pdl\cmsis/include/cmsis_gcc.h ****  * distributed under the License is distributed on an AS IS BASIS, WITHOUT
  20:Generated_Source\PSoC6\pdl\cmsis/include/cmsis_gcc.h ****  * WARRANTIES OR CONDITIONS OF ANY KIND, either express or implied.
  21:Generated_Source\PSoC6\pdl\cmsis/include/cmsis_gcc.h ****  * See the License for the specific language governing permissions and
  22:Generated_Source\PSoC6\pdl\cmsis/include/cmsis_gcc.h ****  * limitations under the License.
  23:Generated_Source\PSoC6\pdl\cmsis/include/cmsis_gcc.h ****  */
  24:Generated_Source\PSoC6\pdl\cmsis/include/cmsis_gcc.h **** 
  25:Generated_Source\PSoC6\pdl\cmsis/include/cmsis_gcc.h **** #ifndef __CMSIS_GCC_H
  26:Generated_Source\PSoC6\pdl\cmsis/include/cmsis_gcc.h **** #define __CMSIS_GCC_H
  27:Generated_Source\PSoC6\pdl\cmsis/include/cmsis_gcc.h **** 
  28:Generated_Source\PSoC6\pdl\cmsis/include/cmsis_gcc.h **** /* ignore some GCC warnings */
  29:Generated_Source\PSoC6\pdl\cmsis/include/cmsis_gcc.h **** #pragma GCC diagnostic push
  30:Generated_Source\PSoC6\pdl\cmsis/include/cmsis_gcc.h **** #pragma GCC diagnostic ignored "-Wsign-conversion"
  31:Generated_Source\PSoC6\pdl\cmsis/include/cmsis_gcc.h **** #pragma GCC diagnostic ignored "-Wconversion"
  32:Generated_Source\PSoC6\pdl\cmsis/include/cmsis_gcc.h **** #pragma GCC diagnostic ignored "-Wunused-parameter"
  33:Generated_Source\PSoC6\pdl\cmsis/include/cmsis_gcc.h **** 
  34:Generated_Source\PSoC6\pdl\cmsis/include/cmsis_gcc.h **** /* CMSIS compiler specific defines */
  35:Generated_Source\PSoC6\pdl\cmsis/include/cmsis_gcc.h **** #ifndef   __ASM
  36:Generated_Source\PSoC6\pdl\cmsis/include/cmsis_gcc.h ****   #define __ASM                     __asm
  37:Generated_Source\PSoC6\pdl\cmsis/include/cmsis_gcc.h **** #endif
  38:Generated_Source\PSoC6\pdl\cmsis/include/cmsis_gcc.h **** #ifndef   __INLINE
  39:Generated_Source\PSoC6\pdl\cmsis/include/cmsis_gcc.h ****   #define __INLINE                  inline
  40:Generated_Source\PSoC6\pdl\cmsis/include/cmsis_gcc.h **** #endif
  41:Generated_Source\PSoC6\pdl\cmsis/include/cmsis_gcc.h **** #ifndef   __STATIC_INLINE
  42:Generated_Source\PSoC6\pdl\cmsis/include/cmsis_gcc.h ****   #define __STATIC_INLINE           static inline
  43:Generated_Source\PSoC6\pdl\cmsis/include/cmsis_gcc.h **** #endif
  44:Generated_Source\PSoC6\pdl\cmsis/include/cmsis_gcc.h **** #ifndef   __NO_RETURN
  45:Generated_Source\PSoC6\pdl\cmsis/include/cmsis_gcc.h ****   #define __NO_RETURN               __attribute__((noreturn))
  46:Generated_Source\PSoC6\pdl\cmsis/include/cmsis_gcc.h **** #endif
  47:Generated_Source\PSoC6\pdl\cmsis/include/cmsis_gcc.h **** #ifndef   __USED
  48:Generated_Source\PSoC6\pdl\cmsis/include/cmsis_gcc.h ****   #define __USED                    __attribute__((used))
  49:Generated_Source\PSoC6\pdl\cmsis/include/cmsis_gcc.h **** #endif
  50:Generated_Source\PSoC6\pdl\cmsis/include/cmsis_gcc.h **** #ifndef   __WEAK
  51:Generated_Source\PSoC6\pdl\cmsis/include/cmsis_gcc.h ****   #define __WEAK                    __attribute__((weak))
  52:Generated_Source\PSoC6\pdl\cmsis/include/cmsis_gcc.h **** #endif
  53:Generated_Source\PSoC6\pdl\cmsis/include/cmsis_gcc.h **** #ifndef   __UNALIGNED_UINT32
  54:Generated_Source\PSoC6\pdl\cmsis/include/cmsis_gcc.h **** #pragma GCC diagnostic push
  55:Generated_Source\PSoC6\pdl\cmsis/include/cmsis_gcc.h **** #pragma GCC diagnostic ignored "-Wpacked"
  56:Generated_Source\PSoC6\pdl\cmsis/include/cmsis_gcc.h **** #pragma GCC diagnostic ignored "-Wattributes"
  57:Generated_Source\PSoC6\pdl\cmsis/include/cmsis_gcc.h ****   struct __attribute__((packed)) T_UINT32 { uint32_t v; };
ARM GAS  C:\Users\boehm\AppData\Local\Temp\cceCvhoN.s 			page 3


  58:Generated_Source\PSoC6\pdl\cmsis/include/cmsis_gcc.h **** #pragma GCC diagnostic pop
  59:Generated_Source\PSoC6\pdl\cmsis/include/cmsis_gcc.h ****   #define __UNALIGNED_UINT32(x)     (((struct T_UINT32 *)(x))->v)
  60:Generated_Source\PSoC6\pdl\cmsis/include/cmsis_gcc.h **** #endif
  61:Generated_Source\PSoC6\pdl\cmsis/include/cmsis_gcc.h **** #ifndef   __ALIGNED
  62:Generated_Source\PSoC6\pdl\cmsis/include/cmsis_gcc.h ****   #define __ALIGNED(x)              __attribute__((aligned(x)))
  63:Generated_Source\PSoC6\pdl\cmsis/include/cmsis_gcc.h **** #endif
  64:Generated_Source\PSoC6\pdl\cmsis/include/cmsis_gcc.h **** #ifndef   __PACKED
  65:Generated_Source\PSoC6\pdl\cmsis/include/cmsis_gcc.h ****   #define __PACKED                  __attribute__((packed, aligned(1)))
  66:Generated_Source\PSoC6\pdl\cmsis/include/cmsis_gcc.h **** #endif
  67:Generated_Source\PSoC6\pdl\cmsis/include/cmsis_gcc.h **** #ifndef   __PACKED_STRUCT
  68:Generated_Source\PSoC6\pdl\cmsis/include/cmsis_gcc.h ****   #define __PACKED_STRUCT           struct __attribute__((packed, aligned(1)))
  69:Generated_Source\PSoC6\pdl\cmsis/include/cmsis_gcc.h **** #endif
  70:Generated_Source\PSoC6\pdl\cmsis/include/cmsis_gcc.h **** 
  71:Generated_Source\PSoC6\pdl\cmsis/include/cmsis_gcc.h **** 
  72:Generated_Source\PSoC6\pdl\cmsis/include/cmsis_gcc.h **** /* ###########################  Core Function Access  ########################### */
  73:Generated_Source\PSoC6\pdl\cmsis/include/cmsis_gcc.h **** /** \ingroup  CMSIS_Core_FunctionInterface
  74:Generated_Source\PSoC6\pdl\cmsis/include/cmsis_gcc.h ****     \defgroup CMSIS_Core_RegAccFunctions CMSIS Core Register Access Functions
  75:Generated_Source\PSoC6\pdl\cmsis/include/cmsis_gcc.h ****   @{
  76:Generated_Source\PSoC6\pdl\cmsis/include/cmsis_gcc.h ****  */
  77:Generated_Source\PSoC6\pdl\cmsis/include/cmsis_gcc.h **** 
  78:Generated_Source\PSoC6\pdl\cmsis/include/cmsis_gcc.h **** /**
  79:Generated_Source\PSoC6\pdl\cmsis/include/cmsis_gcc.h ****   \brief   Enable IRQ Interrupts
  80:Generated_Source\PSoC6\pdl\cmsis/include/cmsis_gcc.h ****   \details Enables IRQ interrupts by clearing the I-bit in the CPSR.
  81:Generated_Source\PSoC6\pdl\cmsis/include/cmsis_gcc.h ****            Can only be executed in Privileged modes.
  82:Generated_Source\PSoC6\pdl\cmsis/include/cmsis_gcc.h ****  */
  83:Generated_Source\PSoC6\pdl\cmsis/include/cmsis_gcc.h **** __attribute__((always_inline)) __STATIC_INLINE void __enable_irq(void)
  84:Generated_Source\PSoC6\pdl\cmsis/include/cmsis_gcc.h **** {
  85:Generated_Source\PSoC6\pdl\cmsis/include/cmsis_gcc.h ****   __ASM volatile ("cpsie i" : : : "memory");
  41              		.loc 2 85 0
  42              		.syntax unified
  43              	@ 85 "Generated_Source\PSoC6\pdl\cmsis/include/cmsis_gcc.h" 1
  44 0002 62B6     		cpsie i
  45              	@ 0 "" 2
  46              		.thumb
  47              		.syntax unified
  48              	.LBE5:
  49              	.LBE4:
  18:main_cm4.c    ****     __enable_irq(); /* Enable global interrupts. */
  19:main_cm4.c    **** 
  20:main_cm4.c    ****     /* Initialising BLE*/
  21:main_cm4.c    ****     InitBle();
  50              		.loc 1 21 0
  51 0004 FFF7FEFF 		bl	InitBle
  52              	.LVL0:
  22:main_cm4.c    ****     
  23:main_cm4.c    ****     /* Set up MCWDT and ISR*/
  24:main_cm4.c    ****     InitISR();
  53              		.loc 1 24 0
  54 0008 FFF7FEFF 		bl	InitISR
  55              	.LVL1:
  56              	.L2:
  25:main_cm4.c    ****     
  26:main_cm4.c    ****     
  27:main_cm4.c    **** 
  28:main_cm4.c    ****     for(;;)
  29:main_cm4.c    ****     {
  30:main_cm4.c    ****         /* Process BLE Events */
ARM GAS  C:\Users\boehm\AppData\Local\Temp\cceCvhoN.s 			page 4


  31:main_cm4.c    ****         ProcessBleEvents();
  57              		.loc 1 31 0
  58 000c FFF7FEFF 		bl	ProcessBleEvents
  59              	.LVL2:
  32:main_cm4.c    ****         
  33:main_cm4.c    ****         /* Send data to central device */
  34:main_cm4.c    ****         if(getNotificationFlag()){
  60              		.loc 1 34 0
  61 0010 FFF7FEFF 		bl	getNotificationFlag
  62              	.LVL3:
  63 0014 0028     		cmp	r0, #0
  64 0016 F9D0     		beq	.L2
  35:main_cm4.c    ****             SendMeasurementNotificationSwitch();            
  65              		.loc 1 35 0
  66 0018 FFF7FEFF 		bl	SendMeasurementNotificationSwitch
  67              	.LVL4:
  68 001c F6E7     		b	.L2
  69              		.cfi_endproc
  70              	.LFE376:
  71              		.size	main, .-main
  72 001e 00BF     		.text
  73              	.Letext0:
  74              		.file 3 "c:\\program files (x86)\\cypress\\psoc creator\\4.2\\psoc creator\\import\\gnu\\arm\\5.4.
  75              		.file 4 "c:\\program files (x86)\\cypress\\psoc creator\\4.2\\psoc creator\\import\\gnu\\arm\\5.4.
  76              		.file 5 "Generated_Source\\PSoC6\\pdl\\middleware/ble/cy_ble_stack_host_main.h"
  77              		.file 6 "Generated_Source\\PSoC6\\pdl\\middleware/ble/cy_ble_gap.h"
  78              		.file 7 "Generated_Source\\PSoC6\\pdl\\cmsis/include/core_cm4.h"
  79              		.file 8 "ble_application.h"
  80              		.file 9 "interrupt.h"
  81              		.section	.debug_info,"",%progbits
  82              	.Ldebug_info0:
  83 0000 50020000 		.4byte	0x250
  84 0004 0400     		.2byte	0x4
  85 0006 00000000 		.4byte	.Ldebug_abbrev0
  86 000a 04       		.byte	0x4
  87 000b 01       		.uleb128 0x1
  88 000c DF020000 		.4byte	.LASF45
  89 0010 0C       		.byte	0xc
  90 0011 31010000 		.4byte	.LASF46
  91 0015 00000000 		.4byte	.LASF47
  92 0019 00000000 		.4byte	.Ldebug_ranges0+0
  93 001d 00000000 		.4byte	0
  94 0021 00000000 		.4byte	.Ldebug_line0
  95 0025 02       		.uleb128 0x2
  96 0026 02       		.byte	0x2
  97 0027 05       		.byte	0x5
  98 0028 00040000 		.4byte	.LASF0
  99 002c 02       		.uleb128 0x2
 100 002d 01       		.byte	0x1
 101 002e 06       		.byte	0x6
 102 002f 6D040000 		.4byte	.LASF1
 103 0033 03       		.uleb128 0x3
 104 0034 68000000 		.4byte	.LASF4
 105 0038 03       		.byte	0x3
 106 0039 1D       		.byte	0x1d
 107 003a 3E000000 		.4byte	0x3e
 108 003e 02       		.uleb128 0x2
ARM GAS  C:\Users\boehm\AppData\Local\Temp\cceCvhoN.s 			page 5


 109 003f 01       		.byte	0x1
 110 0040 08       		.byte	0x8
 111 0041 8F010000 		.4byte	.LASF2
 112 0045 02       		.uleb128 0x2
 113 0046 02       		.byte	0x2
 114 0047 07       		.byte	0x7
 115 0048 E1010000 		.4byte	.LASF3
 116 004c 03       		.uleb128 0x3
 117 004d BF000000 		.4byte	.LASF5
 118 0051 03       		.byte	0x3
 119 0052 3F       		.byte	0x3f
 120 0053 57000000 		.4byte	0x57
 121 0057 02       		.uleb128 0x2
 122 0058 04       		.byte	0x4
 123 0059 05       		.byte	0x5
 124 005a 58040000 		.4byte	.LASF6
 125 005e 02       		.uleb128 0x2
 126 005f 04       		.byte	0x4
 127 0060 07       		.byte	0x7
 128 0061 CF010000 		.4byte	.LASF7
 129 0065 02       		.uleb128 0x2
 130 0066 08       		.byte	0x8
 131 0067 05       		.byte	0x5
 132 0068 D3030000 		.4byte	.LASF8
 133 006c 02       		.uleb128 0x2
 134 006d 08       		.byte	0x8
 135 006e 07       		.byte	0x7
 136 006f C8020000 		.4byte	.LASF9
 137 0073 04       		.uleb128 0x4
 138 0074 04       		.byte	0x4
 139 0075 05       		.byte	0x5
 140 0076 696E7400 		.ascii	"int\000"
 141 007a 02       		.uleb128 0x2
 142 007b 04       		.byte	0x4
 143 007c 07       		.byte	0x7
 144 007d 6B020000 		.4byte	.LASF10
 145 0081 03       		.uleb128 0x3
 146 0082 A1020000 		.4byte	.LASF11
 147 0086 04       		.byte	0x4
 148 0087 18       		.byte	0x18
 149 0088 33000000 		.4byte	0x33
 150 008c 03       		.uleb128 0x3
 151 008d AB030000 		.4byte	.LASF12
 152 0091 04       		.byte	0x4
 153 0092 2C       		.byte	0x2c
 154 0093 4C000000 		.4byte	0x4c
 155 0097 02       		.uleb128 0x2
 156 0098 04       		.byte	0x4
 157 0099 07       		.byte	0x7
 158 009a CA030000 		.4byte	.LASF13
 159 009e 02       		.uleb128 0x2
 160 009f 08       		.byte	0x8
 161 00a0 04       		.byte	0x4
 162 00a1 61040000 		.4byte	.LASF14
 163 00a5 02       		.uleb128 0x2
 164 00a6 01       		.byte	0x1
 165 00a7 08       		.byte	0x8
ARM GAS  C:\Users\boehm\AppData\Local\Temp\cceCvhoN.s 			page 6


 166 00a8 9C020000 		.4byte	.LASF15
 167 00ac 02       		.uleb128 0x2
 168 00ad 04       		.byte	0x4
 169 00ae 04       		.byte	0x4
 170 00af 7C010000 		.4byte	.LASF16
 171 00b3 02       		.uleb128 0x2
 172 00b4 08       		.byte	0x8
 173 00b5 04       		.byte	0x4
 174 00b6 5F020000 		.4byte	.LASF17
 175 00ba 02       		.uleb128 0x2
 176 00bb 01       		.byte	0x1
 177 00bc 02       		.byte	0x2
 178 00bd 79040000 		.4byte	.LASF18
 179 00c1 05       		.uleb128 0x5
 180 00c2 02       		.byte	0x2
 181 00c3 05       		.byte	0x5
 182 00c4 5B01     		.2byte	0x15b
 183 00c6 E5000000 		.4byte	0xe5
 184 00ca 06       		.uleb128 0x6
 185 00cb 8B000000 		.4byte	.LASF19
 186 00cf 05       		.byte	0x5
 187 00d0 6501     		.2byte	0x165
 188 00d2 81000000 		.4byte	0x81
 189 00d6 00       		.byte	0
 190 00d7 06       		.uleb128 0x6
 191 00d8 B3030000 		.4byte	.LASF20
 192 00dc 05       		.byte	0x5
 193 00dd 6901     		.2byte	0x169
 194 00df 81000000 		.4byte	0x81
 195 00e3 01       		.byte	0x1
 196 00e4 00       		.byte	0
 197 00e5 07       		.uleb128 0x7
 198 00e6 92030000 		.4byte	.LASF21
 199 00ea 05       		.byte	0x5
 200 00eb 6B01     		.2byte	0x16b
 201 00ed C1000000 		.4byte	0xc1
 202 00f1 08       		.uleb128 0x8
 203 00f2 01       		.byte	0x1
 204 00f3 3E000000 		.4byte	0x3e
 205 00f7 06       		.byte	0x6
 206 00f8 7E       		.byte	0x7e
 207 00f9 16010000 		.4byte	0x116
 208 00fd 09       		.uleb128 0x9
 209 00fe 72000000 		.4byte	.LASF22
 210 0102 00       		.byte	0
 211 0103 09       		.uleb128 0x9
 212 0104 A9020000 		.4byte	.LASF23
 213 0108 01       		.byte	0x1
 214 0109 09       		.uleb128 0x9
 215 010a 0A040000 		.4byte	.LASF24
 216 010e 02       		.byte	0x2
 217 010f 09       		.uleb128 0x9
 218 0110 11010000 		.4byte	.LASF25
 219 0114 03       		.byte	0x3
 220 0115 00       		.byte	0
 221 0116 03       		.uleb128 0x3
 222 0117 66010000 		.4byte	.LASF26
ARM GAS  C:\Users\boehm\AppData\Local\Temp\cceCvhoN.s 			page 7


 223 011b 06       		.byte	0x6
 224 011c 83       		.byte	0x83
 225 011d F1000000 		.4byte	0xf1
 226 0121 08       		.uleb128 0x8
 227 0122 01       		.byte	0x1
 228 0123 3E000000 		.4byte	0x3e
 229 0127 06       		.byte	0x6
 230 0128 87       		.byte	0x87
 231 0129 5E010000 		.4byte	0x15e
 232 012d 09       		.uleb128 0x9
 233 012e E1030000 		.4byte	.LASF27
 234 0132 00       		.byte	0
 235 0133 09       		.uleb128 0x9
 236 0134 27040000 		.4byte	.LASF28
 237 0138 01       		.byte	0x1
 238 0139 09       		.uleb128 0x9
 239 013a 43020000 		.4byte	.LASF29
 240 013e 02       		.byte	0x2
 241 013f 09       		.uleb128 0x9
 242 0140 3C010000 		.4byte	.LASF30
 243 0144 03       		.byte	0x3
 244 0145 09       		.uleb128 0x9
 245 0146 9D010000 		.4byte	.LASF31
 246 014a 04       		.byte	0x4
 247 014b 09       		.uleb128 0x9
 248 014c F4010000 		.4byte	.LASF32
 249 0150 05       		.byte	0x5
 250 0151 09       		.uleb128 0x9
 251 0152 94000000 		.4byte	.LASF33
 252 0156 06       		.byte	0x6
 253 0157 09       		.uleb128 0x9
 254 0158 78020000 		.4byte	.LASF34
 255 015c 07       		.byte	0x7
 256 015d 00       		.byte	0
 257 015e 03       		.uleb128 0x3
 258 015f 90040000 		.4byte	.LASF35
 259 0163 06       		.byte	0x6
 260 0164 90       		.byte	0x90
 261 0165 21010000 		.4byte	0x121
 262 0169 0A       		.uleb128 0xa
 263 016a 82010000 		.4byte	.LASF48
 264 016e 02       		.byte	0x2
 265 016f 53       		.byte	0x53
 266 0170 03       		.byte	0x3
 267 0171 0B       		.uleb128 0xb
 268 0172 66020000 		.4byte	.LASF49
 269 0176 01       		.byte	0x1
 270 0177 10       		.byte	0x10
 271 0178 73000000 		.4byte	0x73
 272 017c 00000000 		.4byte	.LFB376
 273 0180 1E000000 		.4byte	.LFE376-.LFB376
 274 0184 01       		.uleb128 0x1
 275 0185 9C       		.byte	0x9c
 276 0186 C7010000 		.4byte	0x1c7
 277 018a 0C       		.uleb128 0xc
 278 018b 69010000 		.4byte	0x169
 279 018f 02000000 		.4byte	.LBB4
ARM GAS  C:\Users\boehm\AppData\Local\Temp\cceCvhoN.s 			page 8


 280 0193 02000000 		.4byte	.LBE4-.LBB4
 281 0197 01       		.byte	0x1
 282 0198 12       		.byte	0x12
 283 0199 0D       		.uleb128 0xd
 284 019a 08000000 		.4byte	.LVL0
 285 019e 1C020000 		.4byte	0x21c
 286 01a2 0D       		.uleb128 0xd
 287 01a3 0C000000 		.4byte	.LVL1
 288 01a7 27020000 		.4byte	0x227
 289 01ab 0D       		.uleb128 0xd
 290 01ac 10000000 		.4byte	.LVL2
 291 01b0 32020000 		.4byte	0x232
 292 01b4 0D       		.uleb128 0xd
 293 01b5 14000000 		.4byte	.LVL3
 294 01b9 3D020000 		.4byte	0x23d
 295 01bd 0D       		.uleb128 0xd
 296 01be 1C000000 		.4byte	.LVL4
 297 01c2 48020000 		.4byte	0x248
 298 01c6 00       		.byte	0
 299 01c7 0E       		.uleb128 0xe
 300 01c8 1E020000 		.4byte	.LASF36
 301 01cc 07       		.byte	0x7
 302 01cd EA07     		.2byte	0x7ea
 303 01cf D3010000 		.4byte	0x1d3
 304 01d3 0F       		.uleb128 0xf
 305 01d4 8C000000 		.4byte	0x8c
 306 01d8 0E       		.uleb128 0xe
 307 01d9 33020000 		.4byte	.LASF37
 308 01dd 06       		.byte	0x6
 309 01de 2202     		.2byte	0x222
 310 01e0 16010000 		.4byte	0x116
 311 01e4 10       		.uleb128 0x10
 312 01e5 E5000000 		.4byte	0xe5
 313 01e9 F4010000 		.4byte	0x1f4
 314 01ed 11       		.uleb128 0x11
 315 01ee 97000000 		.4byte	0x97
 316 01f2 00       		.byte	0
 317 01f3 00       		.byte	0
 318 01f4 0E       		.uleb128 0xe
 319 01f5 EB000000 		.4byte	.LASF38
 320 01f9 06       		.byte	0x6
 321 01fa 2C02     		.2byte	0x22c
 322 01fc E4010000 		.4byte	0x1e4
 323 0200 10       		.uleb128 0x10
 324 0201 5E010000 		.4byte	0x15e
 325 0205 10020000 		.4byte	0x210
 326 0209 11       		.uleb128 0x11
 327 020a 97000000 		.4byte	0x97
 328 020e 00       		.byte	0
 329 020f 00       		.byte	0
 330 0210 0E       		.uleb128 0xe
 331 0211 7F040000 		.4byte	.LASF39
 332 0215 06       		.byte	0x6
 333 0216 2D02     		.2byte	0x22d
 334 0218 00020000 		.4byte	0x200
 335 021c 12       		.uleb128 0x12
 336 021d C7010000 		.4byte	.LASF40
ARM GAS  C:\Users\boehm\AppData\Local\Temp\cceCvhoN.s 			page 9


 337 0221 C7010000 		.4byte	.LASF40
 338 0225 08       		.byte	0x8
 339 0226 14       		.byte	0x14
 340 0227 12       		.uleb128 0x12
 341 0228 2B020000 		.4byte	.LASF41
 342 022c 2B020000 		.4byte	.LASF41
 343 0230 09       		.byte	0x9
 344 0231 15       		.byte	0x15
 345 0232 12       		.uleb128 0x12
 346 0233 B9030000 		.4byte	.LASF42
 347 0237 B9030000 		.4byte	.LASF42
 348 023b 08       		.byte	0x8
 349 023c 17       		.byte	0x17
 350 023d 12       		.uleb128 0x12
 351 023e FD000000 		.4byte	.LASF43
 352 0242 FD000000 		.4byte	.LASF43
 353 0246 09       		.byte	0x9
 354 0247 1E       		.byte	0x1e
 355 0248 12       		.uleb128 0x12
 356 0249 C9000000 		.4byte	.LASF44
 357 024d C9000000 		.4byte	.LASF44
 358 0251 08       		.byte	0x8
 359 0252 1D       		.byte	0x1d
 360 0253 00       		.byte	0
 361              		.section	.debug_abbrev,"",%progbits
 362              	.Ldebug_abbrev0:
 363 0000 01       		.uleb128 0x1
 364 0001 11       		.uleb128 0x11
 365 0002 01       		.byte	0x1
 366 0003 25       		.uleb128 0x25
 367 0004 0E       		.uleb128 0xe
 368 0005 13       		.uleb128 0x13
 369 0006 0B       		.uleb128 0xb
 370 0007 03       		.uleb128 0x3
 371 0008 0E       		.uleb128 0xe
 372 0009 1B       		.uleb128 0x1b
 373 000a 0E       		.uleb128 0xe
 374 000b 55       		.uleb128 0x55
 375 000c 17       		.uleb128 0x17
 376 000d 11       		.uleb128 0x11
 377 000e 01       		.uleb128 0x1
 378 000f 10       		.uleb128 0x10
 379 0010 17       		.uleb128 0x17
 380 0011 00       		.byte	0
 381 0012 00       		.byte	0
 382 0013 02       		.uleb128 0x2
 383 0014 24       		.uleb128 0x24
 384 0015 00       		.byte	0
 385 0016 0B       		.uleb128 0xb
 386 0017 0B       		.uleb128 0xb
 387 0018 3E       		.uleb128 0x3e
 388 0019 0B       		.uleb128 0xb
 389 001a 03       		.uleb128 0x3
 390 001b 0E       		.uleb128 0xe
 391 001c 00       		.byte	0
 392 001d 00       		.byte	0
 393 001e 03       		.uleb128 0x3
ARM GAS  C:\Users\boehm\AppData\Local\Temp\cceCvhoN.s 			page 10


 394 001f 16       		.uleb128 0x16
 395 0020 00       		.byte	0
 396 0021 03       		.uleb128 0x3
 397 0022 0E       		.uleb128 0xe
 398 0023 3A       		.uleb128 0x3a
 399 0024 0B       		.uleb128 0xb
 400 0025 3B       		.uleb128 0x3b
 401 0026 0B       		.uleb128 0xb
 402 0027 49       		.uleb128 0x49
 403 0028 13       		.uleb128 0x13
 404 0029 00       		.byte	0
 405 002a 00       		.byte	0
 406 002b 04       		.uleb128 0x4
 407 002c 24       		.uleb128 0x24
 408 002d 00       		.byte	0
 409 002e 0B       		.uleb128 0xb
 410 002f 0B       		.uleb128 0xb
 411 0030 3E       		.uleb128 0x3e
 412 0031 0B       		.uleb128 0xb
 413 0032 03       		.uleb128 0x3
 414 0033 08       		.uleb128 0x8
 415 0034 00       		.byte	0
 416 0035 00       		.byte	0
 417 0036 05       		.uleb128 0x5
 418 0037 13       		.uleb128 0x13
 419 0038 01       		.byte	0x1
 420 0039 0B       		.uleb128 0xb
 421 003a 0B       		.uleb128 0xb
 422 003b 3A       		.uleb128 0x3a
 423 003c 0B       		.uleb128 0xb
 424 003d 3B       		.uleb128 0x3b
 425 003e 05       		.uleb128 0x5
 426 003f 01       		.uleb128 0x1
 427 0040 13       		.uleb128 0x13
 428 0041 00       		.byte	0
 429 0042 00       		.byte	0
 430 0043 06       		.uleb128 0x6
 431 0044 0D       		.uleb128 0xd
 432 0045 00       		.byte	0
 433 0046 03       		.uleb128 0x3
 434 0047 0E       		.uleb128 0xe
 435 0048 3A       		.uleb128 0x3a
 436 0049 0B       		.uleb128 0xb
 437 004a 3B       		.uleb128 0x3b
 438 004b 05       		.uleb128 0x5
 439 004c 49       		.uleb128 0x49
 440 004d 13       		.uleb128 0x13
 441 004e 38       		.uleb128 0x38
 442 004f 0B       		.uleb128 0xb
 443 0050 00       		.byte	0
 444 0051 00       		.byte	0
 445 0052 07       		.uleb128 0x7
 446 0053 16       		.uleb128 0x16
 447 0054 00       		.byte	0
 448 0055 03       		.uleb128 0x3
 449 0056 0E       		.uleb128 0xe
 450 0057 3A       		.uleb128 0x3a
ARM GAS  C:\Users\boehm\AppData\Local\Temp\cceCvhoN.s 			page 11


 451 0058 0B       		.uleb128 0xb
 452 0059 3B       		.uleb128 0x3b
 453 005a 05       		.uleb128 0x5
 454 005b 49       		.uleb128 0x49
 455 005c 13       		.uleb128 0x13
 456 005d 00       		.byte	0
 457 005e 00       		.byte	0
 458 005f 08       		.uleb128 0x8
 459 0060 04       		.uleb128 0x4
 460 0061 01       		.byte	0x1
 461 0062 0B       		.uleb128 0xb
 462 0063 0B       		.uleb128 0xb
 463 0064 49       		.uleb128 0x49
 464 0065 13       		.uleb128 0x13
 465 0066 3A       		.uleb128 0x3a
 466 0067 0B       		.uleb128 0xb
 467 0068 3B       		.uleb128 0x3b
 468 0069 0B       		.uleb128 0xb
 469 006a 01       		.uleb128 0x1
 470 006b 13       		.uleb128 0x13
 471 006c 00       		.byte	0
 472 006d 00       		.byte	0
 473 006e 09       		.uleb128 0x9
 474 006f 28       		.uleb128 0x28
 475 0070 00       		.byte	0
 476 0071 03       		.uleb128 0x3
 477 0072 0E       		.uleb128 0xe
 478 0073 1C       		.uleb128 0x1c
 479 0074 0B       		.uleb128 0xb
 480 0075 00       		.byte	0
 481 0076 00       		.byte	0
 482 0077 0A       		.uleb128 0xa
 483 0078 2E       		.uleb128 0x2e
 484 0079 00       		.byte	0
 485 007a 03       		.uleb128 0x3
 486 007b 0E       		.uleb128 0xe
 487 007c 3A       		.uleb128 0x3a
 488 007d 0B       		.uleb128 0xb
 489 007e 3B       		.uleb128 0x3b
 490 007f 0B       		.uleb128 0xb
 491 0080 27       		.uleb128 0x27
 492 0081 19       		.uleb128 0x19
 493 0082 20       		.uleb128 0x20
 494 0083 0B       		.uleb128 0xb
 495 0084 00       		.byte	0
 496 0085 00       		.byte	0
 497 0086 0B       		.uleb128 0xb
 498 0087 2E       		.uleb128 0x2e
 499 0088 01       		.byte	0x1
 500 0089 3F       		.uleb128 0x3f
 501 008a 19       		.uleb128 0x19
 502 008b 03       		.uleb128 0x3
 503 008c 0E       		.uleb128 0xe
 504 008d 3A       		.uleb128 0x3a
 505 008e 0B       		.uleb128 0xb
 506 008f 3B       		.uleb128 0x3b
 507 0090 0B       		.uleb128 0xb
ARM GAS  C:\Users\boehm\AppData\Local\Temp\cceCvhoN.s 			page 12


 508 0091 27       		.uleb128 0x27
 509 0092 19       		.uleb128 0x19
 510 0093 49       		.uleb128 0x49
 511 0094 13       		.uleb128 0x13
 512 0095 8701     		.uleb128 0x87
 513 0097 19       		.uleb128 0x19
 514 0098 11       		.uleb128 0x11
 515 0099 01       		.uleb128 0x1
 516 009a 12       		.uleb128 0x12
 517 009b 06       		.uleb128 0x6
 518 009c 40       		.uleb128 0x40
 519 009d 18       		.uleb128 0x18
 520 009e 9742     		.uleb128 0x2117
 521 00a0 19       		.uleb128 0x19
 522 00a1 01       		.uleb128 0x1
 523 00a2 13       		.uleb128 0x13
 524 00a3 00       		.byte	0
 525 00a4 00       		.byte	0
 526 00a5 0C       		.uleb128 0xc
 527 00a6 1D       		.uleb128 0x1d
 528 00a7 00       		.byte	0
 529 00a8 31       		.uleb128 0x31
 530 00a9 13       		.uleb128 0x13
 531 00aa 11       		.uleb128 0x11
 532 00ab 01       		.uleb128 0x1
 533 00ac 12       		.uleb128 0x12
 534 00ad 06       		.uleb128 0x6
 535 00ae 58       		.uleb128 0x58
 536 00af 0B       		.uleb128 0xb
 537 00b0 59       		.uleb128 0x59
 538 00b1 0B       		.uleb128 0xb
 539 00b2 00       		.byte	0
 540 00b3 00       		.byte	0
 541 00b4 0D       		.uleb128 0xd
 542 00b5 898201   		.uleb128 0x4109
 543 00b8 00       		.byte	0
 544 00b9 11       		.uleb128 0x11
 545 00ba 01       		.uleb128 0x1
 546 00bb 31       		.uleb128 0x31
 547 00bc 13       		.uleb128 0x13
 548 00bd 00       		.byte	0
 549 00be 00       		.byte	0
 550 00bf 0E       		.uleb128 0xe
 551 00c0 34       		.uleb128 0x34
 552 00c1 00       		.byte	0
 553 00c2 03       		.uleb128 0x3
 554 00c3 0E       		.uleb128 0xe
 555 00c4 3A       		.uleb128 0x3a
 556 00c5 0B       		.uleb128 0xb
 557 00c6 3B       		.uleb128 0x3b
 558 00c7 05       		.uleb128 0x5
 559 00c8 49       		.uleb128 0x49
 560 00c9 13       		.uleb128 0x13
 561 00ca 3F       		.uleb128 0x3f
 562 00cb 19       		.uleb128 0x19
 563 00cc 3C       		.uleb128 0x3c
 564 00cd 19       		.uleb128 0x19
ARM GAS  C:\Users\boehm\AppData\Local\Temp\cceCvhoN.s 			page 13


 565 00ce 00       		.byte	0
 566 00cf 00       		.byte	0
 567 00d0 0F       		.uleb128 0xf
 568 00d1 35       		.uleb128 0x35
 569 00d2 00       		.byte	0
 570 00d3 49       		.uleb128 0x49
 571 00d4 13       		.uleb128 0x13
 572 00d5 00       		.byte	0
 573 00d6 00       		.byte	0
 574 00d7 10       		.uleb128 0x10
 575 00d8 01       		.uleb128 0x1
 576 00d9 01       		.byte	0x1
 577 00da 49       		.uleb128 0x49
 578 00db 13       		.uleb128 0x13
 579 00dc 01       		.uleb128 0x1
 580 00dd 13       		.uleb128 0x13
 581 00de 00       		.byte	0
 582 00df 00       		.byte	0
 583 00e0 11       		.uleb128 0x11
 584 00e1 21       		.uleb128 0x21
 585 00e2 00       		.byte	0
 586 00e3 49       		.uleb128 0x49
 587 00e4 13       		.uleb128 0x13
 588 00e5 2F       		.uleb128 0x2f
 589 00e6 0B       		.uleb128 0xb
 590 00e7 00       		.byte	0
 591 00e8 00       		.byte	0
 592 00e9 12       		.uleb128 0x12
 593 00ea 2E       		.uleb128 0x2e
 594 00eb 00       		.byte	0
 595 00ec 3F       		.uleb128 0x3f
 596 00ed 19       		.uleb128 0x19
 597 00ee 3C       		.uleb128 0x3c
 598 00ef 19       		.uleb128 0x19
 599 00f0 6E       		.uleb128 0x6e
 600 00f1 0E       		.uleb128 0xe
 601 00f2 03       		.uleb128 0x3
 602 00f3 0E       		.uleb128 0xe
 603 00f4 3A       		.uleb128 0x3a
 604 00f5 0B       		.uleb128 0xb
 605 00f6 3B       		.uleb128 0x3b
 606 00f7 0B       		.uleb128 0xb
 607 00f8 00       		.byte	0
 608 00f9 00       		.byte	0
 609 00fa 00       		.byte	0
 610              		.section	.debug_aranges,"",%progbits
 611 0000 1C000000 		.4byte	0x1c
 612 0004 0200     		.2byte	0x2
 613 0006 00000000 		.4byte	.Ldebug_info0
 614 000a 04       		.byte	0x4
 615 000b 00       		.byte	0
 616 000c 0000     		.2byte	0
 617 000e 0000     		.2byte	0
 618 0010 00000000 		.4byte	.LFB376
 619 0014 1E000000 		.4byte	.LFE376-.LFB376
 620 0018 00000000 		.4byte	0
 621 001c 00000000 		.4byte	0
ARM GAS  C:\Users\boehm\AppData\Local\Temp\cceCvhoN.s 			page 14


 622              		.section	.debug_ranges,"",%progbits
 623              	.Ldebug_ranges0:
 624 0000 00000000 		.4byte	.LFB376
 625 0004 1E000000 		.4byte	.LFE376
 626 0008 00000000 		.4byte	0
 627 000c 00000000 		.4byte	0
 628              		.section	.debug_line,"",%progbits
 629              	.Ldebug_line0:
 630 0000 02020000 		.section	.debug_str,"MS",%progbits,1
 630      0200DE01 
 630      00000201 
 630      FB0E0D00 
 630      01010101 
 631              	.LASF47:
 632 0000 433A5C55 		.ascii	"C:\\Users\\boehm\\OneDrive\\Dokumente\\PSoC Creator"
 632      73657273 
 632      5C626F65 
 632      686D5C4F 
 632      6E654472 
 633 002e 5C342E32 		.ascii	"\\4.2\\Projekt_Sensordatenerfassung\\BLE_Kommunikat"
 633      5C50726F 
 633      6A656B74 
 633      5F53656E 
 633      736F7264 
 634 005e 696F6E2E 		.ascii	"ion.cydsn\000"
 634      63796473 
 634      6E00
 635              	.LASF4:
 636 0068 5F5F7569 		.ascii	"__uint8_t\000"
 636      6E74385F 
 636      7400
 637              	.LASF22:
 638 0072 43595F42 		.ascii	"CY_BLE_ADV_STATE_STOPPED\000"
 638      4C455F41 
 638      44565F53 
 638      54415445 
 638      5F53544F 
 639              	.LASF19:
 640 008b 62644861 		.ascii	"bdHandle\000"
 640      6E646C65 
 640      00
 641              	.LASF33:
 642 0094 43595F42 		.ascii	"CY_BLE_CONN_STATE_CLIENT_DESCR_DISCOVERING\000"
 642      4C455F43 
 642      4F4E4E5F 
 642      53544154 
 642      455F434C 
 643              	.LASF5:
 644 00bf 5F5F696E 		.ascii	"__int32_t\000"
 644      7433325F 
 644      7400
 645              	.LASF44:
 646 00c9 53656E64 		.ascii	"SendMeasurementNotificationSwitch\000"
 646      4D656173 
 646      7572656D 
 646      656E744E 
 646      6F746966 
ARM GAS  C:\Users\boehm\AppData\Local\Temp\cceCvhoN.s 			page 15


 647              	.LASF38:
 648 00eb 63795F62 		.ascii	"cy_ble_connHandle\000"
 648      6C655F63 
 648      6F6E6E48 
 648      616E646C 
 648      6500
 649              	.LASF43:
 650 00fd 6765744E 		.ascii	"getNotificationFlag\000"
 650      6F746966 
 650      69636174 
 650      696F6E46 
 650      6C616700 
 651              	.LASF25:
 652 0111 43595F42 		.ascii	"CY_BLE_ADV_STATE_STOP_INITIATED\000"
 652      4C455F41 
 652      44565F53 
 652      54415445 
 652      5F53544F 
 653              	.LASF46:
 654 0131 6D61696E 		.ascii	"main_cm4.c\000"
 654      5F636D34 
 654      2E6300
 655              	.LASF30:
 656 013c 43595F42 		.ascii	"CY_BLE_CONN_STATE_CLIENT_SRVC_DISCOVERING\000"
 656      4C455F43 
 656      4F4E4E5F 
 656      53544154 
 656      455F434C 
 657              	.LASF26:
 658 0166 63795F65 		.ascii	"cy_en_ble_adv_state_t\000"
 658      6E5F626C 
 658      655F6164 
 658      765F7374 
 658      6174655F 
 659              	.LASF16:
 660 017c 666C6F61 		.ascii	"float\000"
 660      7400
 661              	.LASF48:
 662 0182 5F5F656E 		.ascii	"__enable_irq\000"
 662      61626C65 
 662      5F697271 
 662      00
 663              	.LASF2:
 664 018f 756E7369 		.ascii	"unsigned char\000"
 664      676E6564 
 664      20636861 
 664      7200
 665              	.LASF31:
 666 019d 43595F42 		.ascii	"CY_BLE_CONN_STATE_CLIENT_INCL_DISCOVERING\000"
 666      4C455F43 
 666      4F4E4E5F 
 666      53544154 
 666      455F434C 
 667              	.LASF40:
 668 01c7 496E6974 		.ascii	"InitBle\000"
 668      426C6500 
 669              	.LASF7:
ARM GAS  C:\Users\boehm\AppData\Local\Temp\cceCvhoN.s 			page 16


 670 01cf 6C6F6E67 		.ascii	"long unsigned int\000"
 670      20756E73 
 670      69676E65 
 670      6420696E 
 670      7400
 671              	.LASF3:
 672 01e1 73686F72 		.ascii	"short unsigned int\000"
 672      7420756E 
 672      7369676E 
 672      65642069 
 672      6E7400
 673              	.LASF32:
 674 01f4 43595F42 		.ascii	"CY_BLE_CONN_STATE_CLIENT_CHAR_DISCOVERING\000"
 674      4C455F43 
 674      4F4E4E5F 
 674      53544154 
 674      455F434C 
 675              	.LASF36:
 676 021e 49544D5F 		.ascii	"ITM_RxBuffer\000"
 676      52784275 
 676      66666572 
 676      00
 677              	.LASF41:
 678 022b 496E6974 		.ascii	"InitISR\000"
 678      49535200 
 679              	.LASF37:
 680 0233 63795F62 		.ascii	"cy_ble_advState\000"
 680      6C655F61 
 680      64765374 
 680      61746500 
 681              	.LASF29:
 682 0243 43595F42 		.ascii	"CY_BLE_CONN_STATE_CONNECTED\000"
 682      4C455F43 
 682      4F4E4E5F 
 682      53544154 
 682      455F434F 
 683              	.LASF17:
 684 025f 646F7562 		.ascii	"double\000"
 684      6C6500
 685              	.LASF49:
 686 0266 6D61696E 		.ascii	"main\000"
 686      00
 687              	.LASF10:
 688 026b 756E7369 		.ascii	"unsigned int\000"
 688      676E6564 
 688      20696E74 
 688      00
 689              	.LASF34:
 690 0278 43595F42 		.ascii	"CY_BLE_CONN_STATE_CLIENT_DISCOVERED\000"
 690      4C455F43 
 690      4F4E4E5F 
 690      53544154 
 690      455F434C 
 691              	.LASF15:
 692 029c 63686172 		.ascii	"char\000"
 692      00
 693              	.LASF11:
ARM GAS  C:\Users\boehm\AppData\Local\Temp\cceCvhoN.s 			page 17


 694 02a1 75696E74 		.ascii	"uint8_t\000"
 694      385F7400 
 695              	.LASF23:
 696 02a9 43595F42 		.ascii	"CY_BLE_ADV_STATE_ADV_INITIATED\000"
 696      4C455F41 
 696      44565F53 
 696      54415445 
 696      5F414456 
 697              	.LASF9:
 698 02c8 6C6F6E67 		.ascii	"long long unsigned int\000"
 698      206C6F6E 
 698      6720756E 
 698      7369676E 
 698      65642069 
 699              	.LASF45:
 700 02df 474E5520 		.ascii	"GNU C11 5.4.1 20160609 (release) [ARM/embedded-5-br"
 700      43313120 
 700      352E342E 
 700      31203230 
 700      31363036 
 701 0312 616E6368 		.ascii	"anch revision 237715] -mcpu=cortex-m4 -mfloat-abi=s"
 701      20726576 
 701      6973696F 
 701      6E203233 
 701      37373135 
 702 0345 6F667466 		.ascii	"oftfp -mfpu=fpv4-sp-d16 -mthumb -g -Og -ffunction-s"
 702      70202D6D 
 702      6670753D 
 702      66707634 
 702      2D73702D 
 703 0378 65637469 		.ascii	"ections -ffat-lto-objects\000"
 703      6F6E7320 
 703      2D666661 
 703      742D6C74 
 703      6F2D6F62 
 704              	.LASF21:
 705 0392 63795F73 		.ascii	"cy_stc_ble_conn_handle_t\000"
 705      74635F62 
 705      6C655F63 
 705      6F6E6E5F 
 705      68616E64 
 706              	.LASF12:
 707 03ab 696E7433 		.ascii	"int32_t\000"
 707      325F7400 
 708              	.LASF20:
 709 03b3 61747449 		.ascii	"attId\000"
 709      6400
 710              	.LASF42:
 711 03b9 50726F63 		.ascii	"ProcessBleEvents\000"
 711      65737342 
 711      6C654576 
 711      656E7473 
 711      00
 712              	.LASF13:
 713 03ca 73697A65 		.ascii	"sizetype\000"
 713      74797065 
 713      00
ARM GAS  C:\Users\boehm\AppData\Local\Temp\cceCvhoN.s 			page 18


 714              	.LASF8:
 715 03d3 6C6F6E67 		.ascii	"long long int\000"
 715      206C6F6E 
 715      6720696E 
 715      7400
 716              	.LASF27:
 717 03e1 43595F42 		.ascii	"CY_BLE_CONN_STATE_DISCONNECTED\000"
 717      4C455F43 
 717      4F4E4E5F 
 717      53544154 
 717      455F4449 
 718              	.LASF0:
 719 0400 73686F72 		.ascii	"short int\000"
 719      7420696E 
 719      7400
 720              	.LASF24:
 721 040a 43595F42 		.ascii	"CY_BLE_ADV_STATE_ADVERTISING\000"
 721      4C455F41 
 721      44565F53 
 721      54415445 
 721      5F414456 
 722              	.LASF28:
 723 0427 43595F42 		.ascii	"CY_BLE_CONN_STATE_CLIENT_DISCONNECTED_DISCOVERED\000"
 723      4C455F43 
 723      4F4E4E5F 
 723      53544154 
 723      455F434C 
 724              	.LASF6:
 725 0458 6C6F6E67 		.ascii	"long int\000"
 725      20696E74 
 725      00
 726              	.LASF14:
 727 0461 6C6F6E67 		.ascii	"long double\000"
 727      20646F75 
 727      626C6500 
 728              	.LASF1:
 729 046d 7369676E 		.ascii	"signed char\000"
 729      65642063 
 729      68617200 
 730              	.LASF18:
 731 0479 5F426F6F 		.ascii	"_Bool\000"
 731      6C00
 732              	.LASF39:
 733 047f 63795F62 		.ascii	"cy_ble_connState\000"
 733      6C655F63 
 733      6F6E6E53 
 733      74617465 
 733      00
 734              	.LASF35:
 735 0490 63795F65 		.ascii	"cy_en_ble_conn_state_t\000"
 735      6E5F626C 
 735      655F636F 
 735      6E6E5F73 
 735      74617465 
 736              		.ident	"GCC: (GNU Tools for ARM Embedded Processors) 5.4.1 20160609 (release) [ARM/embedded-5-bran
